Using pre-set license
Built from '2020.3/staging' branch; Version is '2020.3.17f1 (a4537701e4ab) revision 10769271'; Using compiler version '192528614'; Build Type 'Release'
OS: 'Windows 10 Pro for Workstations; OS build 19042.1415; Version 2009; 64bit' Language: 'ko' Physical Memory: 16303 MB
BatchMode: 1, IsHumanControllingUs: 0, StartBugReporterOnCrash: 0, Is64bit: 1, IsPro: 0

COMMAND LINE ARGUMENTS:
C:\Program Files\2020.3.17f1\Editor\Unity.exe
-adb2
-batchMode
-noUpm
-name
AssetImportWorker0
-projectPath
D:/원격강좌/3학년 2학기/VR/VR_ProjectPrototype/DoAnything_prototype
-logFile
Logs/AssetImportWorker0.log
-srvPort
10124
Successfully changed project path to: D:/원격강좌/3학년 2학기/VR/VR_ProjectPrototype/DoAnything_prototype
D:/원격강좌/3학년 2학기/VR/VR_ProjectPrototype/DoAnything_prototype
Using Asset Import Pipeline V2.
Assets/asset_store/Safe/Safe.c4d: Unity no longer supports importing Cinema 4D files directly, but we're working with Maxon to make the experience better. To import Cinema 4D files, install Maxon's external importer. You can find more information on the Unity Forum: https://on.unity.com/c4d.

Please note that FBX files exported from Cinema4D are still supported.

Refreshing native plugins compatible for Editor in 88.65 ms, found 10 plugins.
Preloading 1 native plugins for Editor in 1.19 ms.
Initialize engine version: 2020.3.17f1 (a4537701e4ab)
[Subsystems] Discovering subsystems at path C:/Program Files/2020.3.17f1/Editor/Data/Resources/UnitySubsystems
[Subsystems] Discovering subsystems at path D:/원격강좌/3학년 2학기/VR/VR_ProjectPrototype/DoAnything_prototype/Assets
GfxDevice: creating device client; threaded=0
Direct3D:
    Version:  Direct3D 11.0 [level 11.1]
    Renderer: NVIDIA GeForce GTX 1660 Ti (ID=0x2191)
    Vendor:   
    VRAM:     5991 MB
    Driver:   30.0.14.7168
Initialize mono
Mono path[0] = 'C:/Program Files/2020.3.17f1/Editor/Data/Managed'
Mono path[1] = 'C:/Program Files/2020.3.17f1/Editor/Data/MonoBleedingEdge/lib/mono/unityjit'
Mono config path = 'C:/Program Files/2020.3.17f1/Editor/Data/MonoBleedingEdge/etc'
Using monoOptions --debugger-agent=transport=dt_socket,embedding=1,server=y,suspend=n,address=127.0.0.1:56592
Begin MonoManager ReloadAssembly
Registering precompiled unity dll's ...
Register platform support module: C:/Program Files/2020.3.17f1/Editor/Data/PlaybackEngines/WindowsStandaloneSupport/UnityEditor.WindowsStandalone.Extensions.dll
Registered in 0.002416 seconds.
Native extension for WindowsStandalone target not found
Assets/asset_store/Safe/Safe.c4d: Unity no longer supports importing Cinema 4D files directly, but we're working with Maxon to make the experience better. To import Cinema 4D files, install Maxon's external importer. You can find more information on the Unity Forum: https://on.unity.com/c4d.

Please note that FBX files exported from Cinema4D are still supported.

Refreshing native plugins compatible for Editor in 77.02 ms, found 10 plugins.
Preloading 1 native plugins for Editor in 0.05 ms.
Mono: successfully reloaded assembly
- Completed reload, in  2.144 seconds
Domain Reload Profiling:
	ReloadAssembly (2144ms)
		BeginReloadAssembly (61ms)
			ExecutionOrderSort (0ms)
			DisableScriptedObjects (0ms)
			BackupInstance (0ms)
			ReleaseScriptingObjects (0ms)
			CreateAndSetChildDomain (1ms)
		EndReloadAssembly (439ms)
			LoadAssemblies (58ms)
			RebuildTransferFunctionScriptingTraits (0ms)
			SetupTypeCache (146ms)
			ReleaseScriptCaches (0ms)
			RebuildScriptCaches (26ms)
			SetupLoadedEditorAssemblies (186ms)
				LogAssemblyErrors (0ms)
				InitializePlatformSupportModulesInManaged (3ms)
				SetLoadedEditorAssemblies (0ms)
				RefreshPlugins (77ms)
				BeforeProcessingInitializeOnLoad (12ms)
				ProcessInitializeOnLoadAttributes (69ms)
				ProcessInitializeOnLoadMethodAttributes (23ms)
				AfterProcessingInitializeOnLoad (0ms)
				EditorAssembliesLoaded (0ms)
			ExecutionOrderSort2 (0ms)
			AwakeInstancesAfterBackupRestoration (0ms)
Platform modules already initialized, skipping
Registering precompiled user dll's ...
Registered in 0.007228 seconds.
Begin MonoManager ReloadAssembly
Native extension for WindowsStandalone target not found
Assets/asset_store/Safe/Safe.c4d: Unity no longer supports importing Cinema 4D files directly, but we're working with Maxon to make the experience better. To import Cinema 4D files, install Maxon's external importer. You can find more information on the Unity Forum: https://on.unity.com/c4d.

Please note that FBX files exported from Cinema4D are still supported.

Refreshing native plugins compatible for Editor in 128.29 ms, found 10 plugins.
Preloading 1 native plugins for Editor in 0.05 ms.
[XR] OculusXRPlugin: registering subsystems
[XR] Unable to register display lifecyle provider: [1]
[XR] Oculus Input lifecycle provider registered.
[XR] Unable to register input lifecyle provider: [1]
System.Reflection.TargetInvocationException: Exception has been thrown by the target of an invocation. ---> System.NullReferenceException: Object reference not set to an instance of an object
  at Unity.XR.Oculus.OculusLoader.AssetPathToAbsolutePath (System.String assetPath) [0x00048] in D:\원격강좌\3학년 2학기\VR\VR_ProjectPrototype\DoAnything_prototype\Library\PackageCache\com.unity.xr.oculus@1.10.0\Runtime\OculusLoader.cs:250 
  at Unity.XR.Oculus.OculusLoader.EditorLoadOVRPlugin () [0x0007b] in D:\원격강좌\3학년 2학기\VR\VR_ProjectPrototype\DoAnything_prototype\Library\PackageCache\com.unity.xr.oculus@1.10.0\Runtime\OculusLoader.cs:235 
  at (wrapper managed-to-native) System.Reflection.MonoMethod.InternalInvoke(System.Reflection.MonoMethod,object,object[],System.Exception&)
  at System.Reflection.MonoMethod.Invoke (System.Object obj, System.Reflection.BindingFlags invokeAttr, System.Reflection.Binder binder, System.Object[] parameters, System.Globalization.CultureInfo culture) [0x00032] in <695d1cc93cca45069c528c15c9fdd749>:0 
   --- End of inner exception stack trace ---
  at System.Reflection.MonoMethod.Invoke (System.Object obj, System.Reflection.BindingFlags invokeAttr, System.Reflection.Binder binder, System.Object[] parameters, System.Globalization.CultureInfo culture) [0x00048] in <695d1cc93cca45069c528c15c9fdd749>:0 
  at System.Reflection.MethodBase.Invoke (System.Object obj, System.Object[] parameters) [0x00000] in <695d1cc93cca45069c528c15c9fdd749>:0 
  at UnityEditor.EditorAssemblies.ProcessInitializeOnLoadMethodAttributes () [0x00047] in <d0e4b8c1204147f3935b6e9c8b8565ad>:0 
UnityEngine.StackTraceUtility:ExtractStackTrace ()
UnityEngine.DebugLogHandler:LogFormat (UnityEngine.LogType,UnityEngine.Object,string,object[])
UnityEngine.Logger:Log (UnityEngine.LogType,object)
UnityEngine.Debug:LogError (object)
UnityEditor.EditorAssemblies:ProcessInitializeOnLoadMethodAttributes ()

Mono: successfully reloaded assembly
- Completed reload, in  1.889 seconds
Domain Reload Profiling:
	ReloadAssembly (1890ms)
		BeginReloadAssembly (171ms)
			ExecutionOrderSort (0ms)
			DisableScriptedObjects (4ms)
			BackupInstance (0ms)
			ReleaseScriptingObjects (0ms)
			CreateAndSetChildDomain (19ms)
		EndReloadAssembly (1650ms)
			LoadAssemblies (125ms)
			RebuildTransferFunctionScriptingTraits (0ms)
			SetupTypeCache (535ms)
			ReleaseScriptCaches (1ms)
			RebuildScriptCaches (106ms)
			SetupLoadedEditorAssemblies (669ms)
				LogAssemblyErrors (0ms)
				InitializePlatformSupportModulesInManaged (5ms)
				SetLoadedEditorAssemblies (0ms)
				RefreshPlugins (128ms)
				BeforeProcessingInitializeOnLoad (131ms)
				ProcessInitializeOnLoadAttributes (377ms)
				ProcessInitializeOnLoadMethodAttributes (18ms)
				AfterProcessingInitializeOnLoad (9ms)
				EditorAssembliesLoaded (0ms)
			ExecutionOrderSort2 (0ms)
			AwakeInstancesAfterBackupRestoration (5ms)
Platform modules already initialized, skipping
Assets/asset_store/Safe/Safe.c4d: Unity no longer supports importing Cinema 4D files directly, but we're working with Maxon to make the experience better. To import Cinema 4D files, install Maxon's external importer. You can find more information on the Unity Forum: https://on.unity.com/c4d.

Please note that FBX files exported from Cinema4D are still supported.

========================================================================
Worker process is ready to serve import requests
Assets/asset_store/Safe/Safe.c4d: Unity no longer supports importing Cinema 4D files directly, but we're working with Maxon to make the experience better. To import Cinema 4D files, install Maxon's external importer. You can find more information on the Unity Forum: https://on.unity.com/c4d.

Please note that FBX files exported from Cinema4D are still supported.

Launched and connected shader compiler UnityShaderCompiler.exe after 0.09 seconds
Refreshing native plugins compatible for Editor in 1.89 ms, found 10 plugins.
Preloading 1 native plugins for Editor in 0.10 ms.
Unloading 4010 Unused Serialized files (Serialized files now loaded: 0)
System memory in use before: 188.7 MB.
System memory in use after: 188.9 MB.

Unloading 38 unused Assets to reduce memory usage. Loaded Objects now: 4470.
Total: 4.106700 ms (FindLiveObjects: 0.380900 ms CreateObjectMapping: 0.227200 ms MarkObjects: 3.360600 ms  DeleteObjects: 0.137000 ms)

AssetImportParameters requested are different than current active one (requested -> active):
  custom:framework-win-MediaFoundation: 216162199b28c13a410421893ffa2e32 -> 
  custom:video-decoder-ogg-theora: a1e56fd34408186e4bbccfd4996cb3dc -> 
  custom:container-muxer-webm: aa71ff27fc2769a1b78a27578f13a17b -> 
  custom:container-demuxer-webm: 4f35f7cbe854078d1ac9338744f61a02 -> 
  custom:container-demuxer-ogg: 62fdf1f143b41e24485cea50d1cbac27 -> 
  custom:video-encoder-webm-vp8: eb34c28f22e8b96e1ab97ce403110664 -> 
  custom:video-decoder-webm-vp8: 9c59270c3fd7afecdb556c50c9e8de78 -> 
  custom:audio-decoder-ogg-vorbis: bf7c407c2cedff20999df2af8eb42d56 -> 
  custom:audio-encoder-webm-vorbis: bf7c407c2cedff20999df2af8eb42d56 -> 
========================================================================
Received Import Request.
  path: Assets/NOT_Lonely
  artifactKey: Guid(62d59cd1703abaa4ba8c082cafc78536) Importer(815301076,1909f56bfc062723c751e8b465ee728b)
Start importing Assets/NOT_Lonely using Guid(62d59cd1703abaa4ba8c082cafc78536) Importer(815301076,1909f56bfc062723c751e8b465ee728b)  -> (artifact id: '661b2f0fc91ab95c8ee15e10ff9e0469') in 0.010625 seconds 
  Import took 0.110433 seconds .

========================================================================
Received Import Request.
  Time since last request: 0.000637 seconds.
  path: Assets/NOT_Lonely/OverheadCrane
  artifactKey: Guid(b014da1503075f146a5b231f55dfb33f) Importer(815301076,1909f56bfc062723c751e8b465ee728b)
Start importing Assets/NOT_Lonely/OverheadCrane using Guid(b014da1503075f146a5b231f55dfb33f) Importer(815301076,1909f56bfc062723c751e8b465ee728b)  -> (artifact id: 'aa89ba813aaa688fb81d91c8ec0829a0') in 0.007217 seconds 
  Import took 0.014742 seconds .

========================================================================
Received Import Request.
  Time since last request: 0.000427 seconds.
  path: Assets/NOT_Lonely/OverheadCrane/Prefabs/OverheadCrane.prefab
  artifactKey: Guid(f005bff9c9c8ee34ab249341c9a18801) Importer(815301076,1909f56bfc062723c751e8b465ee728b)
Start importing Assets/NOT_Lonely/OverheadCrane/Prefabs/OverheadCrane.prefab using Guid(f005bff9c9c8ee34ab249341c9a18801) Importer(815301076,1909f56bfc062723c751e8b465ee728b) Shader properties can't be added to this global property sheet. Trying to add _GrabTexture (type 3 count 1)
UnityEngine.StackTraceUtility:ExtractStackTrace ()
UnityEngine.Rendering.ScriptableRenderContext:Submit_Internal ()
UnityEngine.Rendering.ScriptableRenderContext:Submit ()
UnityEngine.Rendering.Universal.UniversalRenderPipeline:RenderSingleCamera (UnityEngine.Rendering.ScriptableRenderContext,UnityEngine.Rendering.Universal.CameraData,bool) (at Library/PackageCache/com.unity.render-pipelines.universal@10.6.0/Runtime/UniversalRenderPipeline.cs:400)
UnityEngine.Rendering.Universal.UniversalRenderPipeline:RenderSingleCamera (UnityEngine.Rendering.ScriptableRenderContext,UnityEngine.Camera) (at Library/PackageCache/com.unity.render-pipelines.universal@10.6.0/Runtime/UniversalRenderPipeline.cs:300)
UnityEngine.Rendering.Universal.UniversalRenderPipeline:Render (UnityEngine.Rendering.ScriptableRenderContext,UnityEngine.Camera[]) (at Library/PackageCache/com.unity.render-pipelines.universal@10.6.0/Runtime/UniversalRenderPipeline.cs:255)
UnityEngine.Rendering.RenderPipeline:InternalRender (UnityEngine.Rendering.ScriptableRenderContext,UnityEngine.Camera[])
UnityEngine.Rendering.RenderPipelineManager:DoRenderLoop_Internal (UnityEngine.Rendering.RenderPipelineAsset,intptr,System.Collections.Generic.List`1<UnityEngine.Camera/RenderRequest>,Unity.Collections.LowLevel.Unsafe.AtomicSafetyHandle)
UnityEditor.PreviewRenderUtility:Render (bool,bool)
UnityEditor.GameObjectInspector:DoRenderPreview ()
UnityEditor.GameObjectInspector:RenderStaticPreview (string,UnityEngine.Object[],int,int)
UnityEditor.AssetPreviewUpdater:CreatePreviewForAsset (UnityEngine.Object,UnityEngine.Object[],string)

[Library/PackageCache/com.unity.render-pipelines.universal@10.6.0/Runtime/UniversalRenderPipeline.cs line 400]

Shader properties can't be added to this global property sheet. Trying to add _GrabTexture_ST (type 1 count 1)
UnityEngine.StackTraceUtility:ExtractStackTrace ()
UnityEngine.Rendering.ScriptableRenderContext:Submit_Internal ()
UnityEngine.Rendering.ScriptableRenderContext:Submit ()
UnityEngine.Rendering.Universal.UniversalRenderPipeline:RenderSingleCamera (UnityEngine.Rendering.ScriptableRenderContext,UnityEngine.Rendering.Universal.CameraData,bool) (at Library/PackageCache/com.unity.render-pipelines.universal@10.6.0/Runtime/UniversalRenderPipeline.cs:400)
UnityEngine.Rendering.Universal.UniversalRenderPipeline:RenderSingleCamera (UnityEngine.Rendering.ScriptableRenderContext,UnityEngine.Camera) (at Library/PackageCache/com.unity.render-pipelines.universal@10.6.0/Runtime/UniversalRenderPipeline.cs:300)
UnityEngine.Rendering.Universal.UniversalRenderPipeline:Render (UnityEngine.Rendering.ScriptableRenderContext,UnityEngine.Camera[]) (at Library/PackageCache/com.unity.render-pipelines.universal@10.6.0/Runtime/UniversalRenderPipeline.cs:255)
UnityEngine.Rendering.RenderPipeline:InternalRender (UnityEngine.Rendering.ScriptableRenderContext,UnityEngine.Camera[])
UnityEngine.Rendering.RenderPipelineManager:DoRenderLoop_Internal (UnityEngine.Rendering.RenderPipelineAsset,intptr,System.Collections.Generic.List`1<UnityEngine.Camera/RenderRequest>,Unity.Collections.LowLevel.Unsafe.AtomicSafetyHandle)
UnityEditor.PreviewRenderUtility:Render (bool,bool)
UnityEditor.GameObjectInspector:DoRenderPreview ()
UnityEditor.GameObjectInspector:RenderStaticPreview (string,UnityEngine.Object[],int,int)
UnityEditor.AssetPreviewUpdater:CreatePreviewForAsset (UnityEngine.Object,UnityEngine.Object[],string)

[Library/PackageCache/com.unity.render-pipelines.universal@10.6.0/Runtime/UniversalRenderPipeline.cs line 400]

Shader properties can't be added to this global property sheet. Trying to add _GrabTexture_TexelSize (type 1 count 1)
UnityEngine.StackTraceUtility:ExtractStackTrace ()
UnityEngine.Rendering.ScriptableRenderContext:Submit_Internal ()
UnityEngine.Rendering.ScriptableRenderContext:Submit ()
UnityEngine.Rendering.Universal.UniversalRenderPipeline:RenderSingleCamera (UnityEngine.Rendering.ScriptableRenderContext,UnityEngine.Rendering.Universal.CameraData,bool) (at Library/PackageCache/com.unity.render-pipelines.universal@10.6.0/Runtime/UniversalRenderPipeline.cs:400)
UnityEngine.Rendering.Universal.UniversalRenderPipeline:RenderSingleCamera (UnityEngine.Rendering.ScriptableRenderContext,UnityEngine.Camera) (at Library/PackageCache/com.unity.render-pipelines.universal@10.6.0/Runtime/UniversalRenderPipeline.cs:300)
UnityEngine.Rendering.Universal.UniversalRenderPipeline:Render (UnityEngine.Rendering.ScriptableRenderContext,UnityEngine.Camera[]) (at Library/PackageCache/com.unity.render-pipelines.universal@10.6.0/Runtime/UniversalRenderPipeline.cs:255)
UnityEngine.Rendering.RenderPipeline:InternalRender (UnityEngine.Rendering.ScriptableRenderContext,UnityEngine.Camera[])
UnityEngine.Rendering.RenderPipelineManager:DoRenderLoop_Internal (UnityEngine.Rendering.RenderPipelineAsset,intptr,System.Collections.Generic.List`1<UnityEngine.Camera/RenderRequest>,Unity.Collections.LowLevel.Unsafe.AtomicSafetyHandle)
UnityEditor.PreviewRenderUtility:Render (bool,bool)
UnityEditor.GameObjectInspector:DoRenderPreview ()
UnityEditor.GameObjectInspector:RenderStaticPreview (string,UnityEngine.Object[],int,int)
UnityEditor.AssetPreviewUpdater:CreatePreviewForAsset (UnityEngine.Object,UnityEngine.Object[],string)

[Library/PackageCache/com.unity.render-pipelines.universal@10.6.0/Runtime/UniversalRenderPipeline.cs line 400]

Shader properties can't be added to this global property sheet. Trying to add _GrabTexture_HDR (type 1 count 1)
UnityEngine.StackTraceUtility:ExtractStackTrace ()
UnityEngine.Rendering.ScriptableRenderContext:Submit_Internal ()
UnityEngine.Rendering.ScriptableRenderContext:Submit ()
UnityEngine.Rendering.Universal.UniversalRenderPipeline:RenderSingleCamera (UnityEngine.Rendering.ScriptableRenderContext,UnityEngine.Rendering.Universal.CameraData,bool) (at Library/PackageCache/com.unity.render-pipelines.universal@10.6.0/Runtime/UniversalRenderPipeline.cs:400)
UnityEngine.Rendering.Universal.UniversalRenderPipeline:RenderSingleCamera (UnityEngine.Rendering.ScriptableRenderContext,UnityEngine.Camera) (at Library/PackageCache/com.unity.render-pipelines.universal@10.6.0/Runtime/UniversalRenderPipeline.cs:300)
UnityEngine.Rendering.Universal.UniversalRenderPipeline:Render (UnityEngine.Rendering.ScriptableRenderContext,UnityEngine.Camera[]) (at Library/PackageCache/com.unity.render-pipelines.universal@10.6.0/Runtime/UniversalRenderPipeline.cs:255)
UnityEngine.Rendering.RenderPipeline:InternalRender (UnityEngine.Rendering.ScriptableRenderContext,UnityEngine.Camera[])
UnityEngine.Rendering.RenderPipelineManager:DoRenderLoop_Internal (UnityEngine.Rendering.RenderPipelineAsset,intptr,System.Collections.Generic.List`1<UnityEngine.Camera/RenderRequest>,Unity.Collections.LowLevel.Unsafe.AtomicSafetyHandle)
UnityEditor.PreviewRenderUtility:Render (bool,bool)
UnityEditor.GameObjectInspector:DoRenderPreview ()
UnityEditor.GameObjectInspector:RenderStaticPreview (string,UnityEngine.Object[],int,int)
UnityEditor.AssetPreviewUpdater:CreatePreviewForAsset (UnityEngine.Object,UnityEngine.Object[],string)

[Library/PackageCache/com.unity.render-pipelines.universal@10.6.0/Runtime/UniversalRenderPipeline.cs line 400]

 -> (artifact id: 'bc1aa54f20a5ddb87f722687734100e1') in 1.885332 seconds 
  Import took 2.071497 seconds .

========================================================================
Received Import Request.
  Time since last request: 0.000293 seconds.
  path: Assets/NOT_Lonely/OverheadCrane/Prefabs
  artifactKey: Guid(bcbc8a8ad5ed67f439d003fa659927fe) Importer(815301076,1909f56bfc062723c751e8b465ee728b)
Start importing Assets/NOT_Lonely/OverheadCrane/Prefabs using Guid(bcbc8a8ad5ed67f439d003fa659927fe) Importer(815301076,1909f56bfc062723c751e8b465ee728b)  -> (artifact id: '1cc1262005c7277cb677b849d99ebce6') in 0.005917 seconds 
  Import took 0.044393 seconds .

========================================================================
Received Import Request.
  Time since last request: 142.574850 seconds.
  path: Assets/NOT_Lonely/OverheadCrane/Textures/OverheadCrane_remoteButtons_bc.tif
  artifactKey: Guid(636d1172de4610143a4c17d62a817559) Importer(815301076,1909f56bfc062723c751e8b465ee728b)
Start importing Assets/NOT_Lonely/OverheadCrane/Textures/OverheadCrane_remoteButtons_bc.tif using Guid(636d1172de4610143a4c17d62a817559) Importer(815301076,1909f56bfc062723c751e8b465ee728b)  -> (artifact id: 'fd13d1db9de37d5ab9e2a23553002401') in 0.060004 seconds 
  Import took 0.086945 seconds .

========================================================================
Received Import Request.
  Time since last request: 0.000307 seconds.
  path: Assets/NOT_Lonely/OverheadCrane/Textures/OverheadCrane_remoteButtons_n.tif
  artifactKey: Guid(5ad35d34f8f7d5d4fa5d891db55aa547) Importer(815301076,1909f56bfc062723c751e8b465ee728b)
Start importing Assets/NOT_Lonely/OverheadCrane/Textures/OverheadCrane_remoteButtons_n.tif using Guid(5ad35d34f8f7d5d4fa5d891db55aa547) Importer(815301076,1909f56bfc062723c751e8b465ee728b)  -> (artifact id: '9c8f81f0bf0cd986c458caed5883e517') in 0.014241 seconds 
  Import took 0.051596 seconds .

========================================================================
Received Import Request.
  Time since last request: 0.000377 seconds.
  path: Assets/NOT_Lonely/OverheadCrane/Textures/OverheadCrane_remoteButtons_bc.tif
  artifactKey: Guid(636d1172de4610143a4c17d62a817559) Importer(815301076,1909f56bfc062723c751e8b465ee728b)
Start importing Assets/NOT_Lonely/OverheadCrane/Textures/OverheadCrane_remoteButtons_bc.tif using Guid(636d1172de4610143a4c17d62a817559) Importer(815301076,1909f56bfc062723c751e8b465ee728b)  -> (artifact id: 'fd13d1db9de37d5ab9e2a23553002401') in 0.013974 seconds 
  Import took 0.019750 seconds .

========================================================================
Received Import Request.
  Time since last request: 0.000356 seconds.
  path: Assets/NOT_Lonely/OverheadCrane/Textures/OverheadCrane_remoteButtons_n.tif
  artifactKey: Guid(5ad35d34f8f7d5d4fa5d891db55aa547) Importer(815301076,1909f56bfc062723c751e8b465ee728b)
Start importing Assets/NOT_Lonely/OverheadCrane/Textures/OverheadCrane_remoteButtons_n.tif using Guid(5ad35d34f8f7d5d4fa5d891db55aa547) Importer(815301076,1909f56bfc062723c751e8b465ee728b)  -> (artifact id: '9c8f81f0bf0cd986c458caed5883e517') in 0.013126 seconds 
  Import took 0.018964 seconds .

========================================================================
Received Import Request.
  Time since last request: 0.000372 seconds.
  path: Assets/NOT_Lonely/OverheadCrane/Textures/OverheadCrane_remoteButtons_m_ao_sm.tif
  artifactKey: Guid(4453256fcaa51794e9b7d6849f3cd524) Importer(815301076,1909f56bfc062723c751e8b465ee728b)
Start importing Assets/NOT_Lonely/OverheadCrane/Textures/OverheadCrane_remoteButtons_m_ao_sm.tif using Guid(4453256fcaa51794e9b7d6849f3cd524) Importer(815301076,1909f56bfc062723c751e8b465ee728b)  -> (artifact id: '6b8b0c6c5a70d2cf398d70ed57bb0e5f') in 0.026494 seconds 
  Import took 0.032892 seconds .

========================================================================
Received Import Request.
  Time since last request: 792.559292 seconds.
  path: Assets/NOT_Lonely/OverheadCrane/Textures
  artifactKey: Guid(22e57235775971b4aafed9fde9e2e74e) Importer(815301076,1909f56bfc062723c751e8b465ee728b)
Start importing Assets/NOT_Lonely/OverheadCrane/Textures using Guid(22e57235775971b4aafed9fde9e2e74e) Importer(815301076,1909f56bfc062723c751e8b465ee728b)  -> (artifact id: 'c3e20bcac1295b3fdb024238eb79cd97') in 0.007211 seconds 
  Import took 0.115642 seconds .

========================================================================
Received Import Request.
  Time since last request: 0.000376 seconds.
  path: Assets/NOT_Lonely/OverheadCrane/Textures/OverheadCrane_wires_bc.tif
  artifactKey: Guid(4e76ae79e89a37f48917308bcd77f402) Importer(815301076,1909f56bfc062723c751e8b465ee728b)
Start importing Assets/NOT_Lonely/OverheadCrane/Textures/OverheadCrane_wires_bc.tif using Guid(4e76ae79e89a37f48917308bcd77f402) Importer(815301076,1909f56bfc062723c751e8b465ee728b)  -> (artifact id: 'ba171aed28e374efe4250306407f1a2d') in 0.047388 seconds 
  Import took 0.076961 seconds .

========================================================================
Received Import Request.
  Time since last request: 0.000361 seconds.
  path: Assets/NOT_Lonely/OverheadCrane/Textures/CableSeparated_bc.tif
  artifactKey: Guid(fa1bc9253119a2f4aa0dfd504b8231b5) Importer(815301076,1909f56bfc062723c751e8b465ee728b)
Start importing Assets/NOT_Lonely/OverheadCrane/Textures/CableSeparated_bc.tif using Guid(fa1bc9253119a2f4aa0dfd504b8231b5) Importer(815301076,1909f56bfc062723c751e8b465ee728b)  -> (artifact id: '74ee5882c50ac68d3b9d1f04d8160f6a') in 0.017948 seconds 
  Import took 0.079761 seconds .

========================================================================
Received Import Request.
  Time since last request: 0.000378 seconds.
  path: Assets/NOT_Lonely/OverheadCrane/Textures/WireSeparated_m_ao_sm.tif
  artifactKey: Guid(261f09d2319b62d4da529cd61c35eef2) Importer(815301076,1909f56bfc062723c751e8b465ee728b)
Start importing Assets/NOT_Lonely/OverheadCrane/Textures/WireSeparated_m_ao_sm.tif using Guid(261f09d2319b62d4da529cd61c35eef2) Importer(815301076,1909f56bfc062723c751e8b465ee728b)  -> (artifact id: '798a2decee84bd3122d0b6ada0032d57') in 0.013650 seconds 
  Import took 0.045761 seconds .

========================================================================
Received Import Request.
  Time since last request: 0.000325 seconds.
  path: Assets/NOT_Lonely/OverheadCrane/Textures/Decals_bc.tif
  artifactKey: Guid(e6b18d23318bd704bab24e0dd7129e81) Importer(815301076,1909f56bfc062723c751e8b465ee728b)
Start importing Assets/NOT_Lonely/OverheadCrane/Textures/Decals_bc.tif using Guid(e6b18d23318bd704bab24e0dd7129e81) Importer(815301076,1909f56bfc062723c751e8b465ee728b)  -> (artifact id: '4c9c4400b0d8edef45aa6571afb4c5d0') in 0.043413 seconds 
  Import took 0.090280 seconds .

========================================================================
Received Import Request.
  Time since last request: 0.000375 seconds.
  path: Assets/NOT_Lonely/OverheadCrane/Textures/OverheadCrane_beams_m_ao_sm.tif
  artifactKey: Guid(91e4fed8da2770f4e984bf432da63b0d) Importer(815301076,1909f56bfc062723c751e8b465ee728b)
Start importing Assets/NOT_Lonely/OverheadCrane/Textures/OverheadCrane_beams_m_ao_sm.tif using Guid(91e4fed8da2770f4e984bf432da63b0d) Importer(815301076,1909f56bfc062723c751e8b465ee728b)  -> (artifact id: 'cc584717b1c5a653c4164d0cde9000a2') in 0.078430 seconds 
  Import took 0.142562 seconds .

========================================================================
Received Import Request.
  Time since last request: 0.000355 seconds.
  path: Assets/NOT_Lonely/OverheadCrane/Textures/Decals_n.tif
  artifactKey: Guid(ac5f4a62e9259e441a93df2a3027ebf9) Importer(815301076,1909f56bfc062723c751e8b465ee728b)
Start importing Assets/NOT_Lonely/OverheadCrane/Textures/Decals_n.tif using Guid(ac5f4a62e9259e441a93df2a3027ebf9) Importer(815301076,1909f56bfc062723c751e8b465ee728b)  -> (artifact id: '2da5e6065734c16ff543cfee175945dd') in 0.018698 seconds 
  Import took 0.078956 seconds .

========================================================================
Received Import Request.
  Time since last request: 0.000363 seconds.
  path: Assets/NOT_Lonely/OverheadCrane/Textures/OverheadCrane_m_ao_sm.tif
  artifactKey: Guid(0b4242c849137144ab4d4402c9a22c03) Importer(815301076,1909f56bfc062723c751e8b465ee728b)
Start importing Assets/NOT_Lonely/OverheadCrane/Textures/OverheadCrane_m_ao_sm.tif using Guid(0b4242c849137144ab4d4402c9a22c03) Importer(815301076,1909f56bfc062723c751e8b465ee728b)  -> (artifact id: 'ad2ded93153544fad4e6322dbdb2af2c') in 0.234197 seconds 
  Import took 0.318566 seconds .

========================================================================
Received Import Request.
  Time since last request: 0.000418 seconds.
  path: Assets/NOT_Lonely/OverheadCrane/Textures/OverheadCrane_variation_02_bc.tif
  artifactKey: Guid(f9e8e1a7e3e837a4ead498c108342d98) Importer(815301076,1909f56bfc062723c751e8b465ee728b)
Start importing Assets/NOT_Lonely/OverheadCrane/Textures/OverheadCrane_variation_02_bc.tif using Guid(f9e8e1a7e3e837a4ead498c108342d98) Importer(815301076,1909f56bfc062723c751e8b465ee728b)  -> (artifact id: '1c8c422d05a4bc702ba79bf8a9ed4504') in 0.240152 seconds 
  Import took 0.246001 seconds .

========================================================================
Received Import Request.
  Time since last request: 0.000356 seconds.
  path: Assets/NOT_Lonely/OverheadCrane/Textures/OverheadCrane_beams_n.tif
  artifactKey: Guid(6bb4e85773318c24d8e82e8249b8f8ed) Importer(815301076,1909f56bfc062723c751e8b465ee728b)
Start importing Assets/NOT_Lonely/OverheadCrane/Textures/OverheadCrane_beams_n.tif using Guid(6bb4e85773318c24d8e82e8249b8f8ed) Importer(815301076,1909f56bfc062723c751e8b465ee728b)  -> (artifact id: 'b99bbcdb7316fb465c81608e216a8096') in 0.057005 seconds 
  Import took 0.118880 seconds .

========================================================================
Received Import Request.
  Time since last request: 0.000374 seconds.
  path: Assets/NOT_Lonely/OverheadCrane/Textures/WireSeparated_bc.tif
  artifactKey: Guid(eaccee3f6bbd54d4a88ec3f3e4412430) Importer(815301076,1909f56bfc062723c751e8b465ee728b)
Start importing Assets/NOT_Lonely/OverheadCrane/Textures/WireSeparated_bc.tif using Guid(eaccee3f6bbd54d4a88ec3f3e4412430) Importer(815301076,1909f56bfc062723c751e8b465ee728b)  -> (artifact id: '9ba124c41a064b9260d087064c4e5d2c') in 0.013050 seconds 
  Import took 0.019281 seconds .

========================================================================
Received Import Request.
  Time since last request: 0.000352 seconds.
  path: Assets/NOT_Lonely/OverheadCrane/Textures/WireSeparated_n.tif
  artifactKey: Guid(520f08d970a1db647ab12dde1c5864d3) Importer(815301076,1909f56bfc062723c751e8b465ee728b)
Start importing Assets/NOT_Lonely/OverheadCrane/Textures/WireSeparated_n.tif using Guid(520f08d970a1db647ab12dde1c5864d3) Importer(815301076,1909f56bfc062723c751e8b465ee728b)  -> (artifact id: 'e9f5d49193dd27cd259d28721babfd41') in 0.015730 seconds 
  Import took 0.021960 seconds .

========================================================================
Received Import Request.
  Time since last request: 0.000352 seconds.
  path: Assets/NOT_Lonely/OverheadCrane/Textures/Decals_m_ao_g.tif
  artifactKey: Guid(e743ac511b786a64182d9f673481b389) Importer(815301076,1909f56bfc062723c751e8b465ee728b)
Start importing Assets/NOT_Lonely/OverheadCrane/Textures/Decals_m_ao_g.tif using Guid(e743ac511b786a64182d9f673481b389) Importer(815301076,1909f56bfc062723c751e8b465ee728b)  -> (artifact id: '4151c2ca520471d4954aa22ed239af30') in 0.024004 seconds 
  Import took 0.065373 seconds .

========================================================================
Received Import Request.
  Time since last request: 0.000364 seconds.
  path: Assets/NOT_Lonely/OverheadCrane/Textures/OverheadCrane_n.tif
  artifactKey: Guid(488a5a85e4c87b448a3b67f76a797221) Importer(815301076,1909f56bfc062723c751e8b465ee728b)
Start importing Assets/NOT_Lonely/OverheadCrane/Textures/OverheadCrane_n.tif using Guid(488a5a85e4c87b448a3b67f76a797221) Importer(815301076,1909f56bfc062723c751e8b465ee728b)  -> (artifact id: '2c3406f0624553f7b5b095f4ad726845') in 0.200314 seconds 
  Import took 0.206344 seconds .

========================================================================
Received Import Request.
  Time since last request: 0.000366 seconds.
  path: Assets/NOT_Lonely/OverheadCrane/Textures/OverheadCrane_wires_n.tif
  artifactKey: Guid(7f52247d3f2ebb44a8c3d709563b8d09) Importer(815301076,1909f56bfc062723c751e8b465ee728b)
Start importing Assets/NOT_Lonely/OverheadCrane/Textures/OverheadCrane_wires_n.tif using Guid(7f52247d3f2ebb44a8c3d709563b8d09) Importer(815301076,1909f56bfc062723c751e8b465ee728b)  -> (artifact id: '346be9673444969ba67dd46dfe509eb6') in 0.039289 seconds 
  Import took 0.107623 seconds .

========================================================================
Received Import Request.
  Time since last request: 0.000400 seconds.
  path: Assets/NOT_Lonely/OverheadCrane/Textures/OverheadCrane_wires_m_ao_sm.tif
  artifactKey: Guid(14a2dac039fe4f747a4586a24ef5e351) Importer(815301076,1909f56bfc062723c751e8b465ee728b)
Start importing Assets/NOT_Lonely/OverheadCrane/Textures/OverheadCrane_wires_m_ao_sm.tif using Guid(14a2dac039fe4f747a4586a24ef5e351) Importer(815301076,1909f56bfc062723c751e8b465ee728b)  -> (artifact id: '4cb7f3f4d54090d9438aef2216a46da8') in 0.040512 seconds 
  Import took 0.045712 seconds .

========================================================================
Received Import Request.
  Time since last request: 0.000400 seconds.
  path: Assets/NOT_Lonely/OverheadCrane/Textures/CableSeparated_m_ao_sm.tif
  artifactKey: Guid(fad72df35e49d8b4697f85383b055d6b) Importer(815301076,1909f56bfc062723c751e8b465ee728b)
Start importing Assets/NOT_Lonely/OverheadCrane/Textures/CableSeparated_m_ao_sm.tif using Guid(fad72df35e49d8b4697f85383b055d6b) Importer(815301076,1909f56bfc062723c751e8b465ee728b)  -> (artifact id: 'dc68cc0dde8efd77d204b31c63d92d23') in 0.016448 seconds 
  Import took 0.134973 seconds .

========================================================================
Received Import Request.
  Time since last request: 0.000329 seconds.
  path: Assets/NOT_Lonely/OverheadCrane/Textures/OverheadCrane_beams_variation_01_bc.tif
  artifactKey: Guid(b903217a90d106a409ebb15a2d169a4d) Importer(815301076,1909f56bfc062723c751e8b465ee728b)
Start importing Assets/NOT_Lonely/OverheadCrane/Textures/OverheadCrane_beams_variation_01_bc.tif using Guid(b903217a90d106a409ebb15a2d169a4d) Importer(815301076,1909f56bfc062723c751e8b465ee728b)  -> (artifact id: 'a44ca6a2478045d96205b283f9f62f8c') in 0.062439 seconds 
  Import took 0.091070 seconds .

========================================================================
Received Import Request.
  Time since last request: 0.000395 seconds.
  path: Assets/NOT_Lonely/OverheadCrane/Textures/OverheadCrane_beams_variation_02_bc.tif
  artifactKey: Guid(8d6c763e09b5ad64ba8a78f26fb28cb2) Importer(815301076,1909f56bfc062723c751e8b465ee728b)
Start importing Assets/NOT_Lonely/OverheadCrane/Textures/OverheadCrane_beams_variation_02_bc.tif using Guid(8d6c763e09b5ad64ba8a78f26fb28cb2) Importer(815301076,1909f56bfc062723c751e8b465ee728b)  -> (artifact id: '79c73751ee078c532c8b826b0b759215') in 0.068001 seconds 
  Import took 0.073130 seconds .

========================================================================
Received Import Request.
  Time since last request: 0.000402 seconds.
  path: Assets/NOT_Lonely/OverheadCrane/Textures/OverheadCrane_variation_03_bc.tif
  artifactKey: Guid(1aed1587bc2e619449991111764782b5) Importer(815301076,1909f56bfc062723c751e8b465ee728b)
Start importing Assets/NOT_Lonely/OverheadCrane/Textures/OverheadCrane_variation_03_bc.tif using Guid(1aed1587bc2e619449991111764782b5) Importer(815301076,1909f56bfc062723c751e8b465ee728b)  -> (artifact id: 'e2755ebe253214c1421ea1849f656c50') in 0.169232 seconds 
  Import took 0.252495 seconds .

========================================================================
Received Import Request.
  Time since last request: 0.000373 seconds.
  path: Assets/NOT_Lonely/OverheadCrane/Textures/OverheadCrane_variation_01_bc.tif
  artifactKey: Guid(76d8144d17fc3334ead2844355db78a0) Importer(815301076,1909f56bfc062723c751e8b465ee728b)
Start importing Assets/NOT_Lonely/OverheadCrane/Textures/OverheadCrane_variation_01_bc.tif using Guid(76d8144d17fc3334ead2844355db78a0) Importer(815301076,1909f56bfc062723c751e8b465ee728b)  -> (artifact id: '1cd2a0e88a2f8cee2505917b27047e9d') in 0.206162 seconds 
  Import took 0.212741 seconds .

========================================================================
Received Import Request.
  Time since last request: 10.340521 seconds.
  path: Assets/NOT_Lonely/OverheadCrane/DemoScene
  artifactKey: Guid(2a6c35125d65d6147b09edc855dfa801) Importer(815301076,1909f56bfc062723c751e8b465ee728b)
Start importing Assets/NOT_Lonely/OverheadCrane/DemoScene using Guid(2a6c35125d65d6147b09edc855dfa801) Importer(815301076,1909f56bfc062723c751e8b465ee728b)  -> (artifact id: 'c55633440aaea7a2d165ab3c889ef2b0') in 0.006565 seconds 
  Import took 0.155213 seconds .

========================================================================
Received Import Request.
  Time since last request: 0.000328 seconds.
  path: Assets/NOT_Lonely/OverheadCrane/DemoScene/PostProcessing Profile.asset
  artifactKey: Guid(925a2a4c490afab41bba5d19cdce0a15) Importer(815301076,1909f56bfc062723c751e8b465ee728b)
Start importing Assets/NOT_Lonely/OverheadCrane/DemoScene/PostProcessing Profile.asset using Guid(925a2a4c490afab41bba5d19cdce0a15) Importer(815301076,1909f56bfc062723c751e8b465ee728b)  -> (artifact id: 'b8034e87f7826b81e2927357937c62dc') in 0.012359 seconds 
  Import took 0.076598 seconds .

========================================================================
Received Import Request.
  Time since last request: 1.773889 seconds.
  path: Assets/NOT_Lonely/OverheadCrane/DemoScene/Resources
  artifactKey: Guid(710fd6f4219ff5a44b6588d091a8ded5) Importer(815301076,1909f56bfc062723c751e8b465ee728b)
Start importing Assets/NOT_Lonely/OverheadCrane/DemoScene/Resources using Guid(710fd6f4219ff5a44b6588d091a8ded5) Importer(815301076,1909f56bfc062723c751e8b465ee728b)  -> (artifact id: '21ded010253a4472576942c77cf013bb') in 0.006416 seconds 
  Import took 0.078226 seconds .

========================================================================
Received Import Request.
  Time since last request: 0.000318 seconds.
  path: Assets/NOT_Lonely/OverheadCrane/DemoScene/Resources/HelpUI.prefab
  artifactKey: Guid(6f7662b66f4fb7a4f840c9b27a50d0ef) Importer(815301076,1909f56bfc062723c751e8b465ee728b)
Start importing Assets/NOT_Lonely/OverheadCrane/DemoScene/Resources/HelpUI.prefab using Guid(6f7662b66f4fb7a4f840c9b27a50d0ef) Importer(815301076,1909f56bfc062723c751e8b465ee728b)  -> (artifact id: 'c3593aa8ceb3c7ebcf46862f104436b3') in 0.017356 seconds 
  Import took 0.033989 seconds .

========================================================================
Received Import Request.
  Time since last request: 0.000388 seconds.
  path: Assets/NOT_Lonely/OverheadCrane/DemoScene/Resources/ZeroFriction.physicMaterial
  artifactKey: Guid(cb3d508155f4c88419ca82805abe0a0b) Importer(815301076,1909f56bfc062723c751e8b465ee728b)
Start importing Assets/NOT_Lonely/OverheadCrane/DemoScene/Resources/ZeroFriction.physicMaterial using Guid(cb3d508155f4c88419ca82805abe0a0b) Importer(815301076,1909f56bfc062723c751e8b465ee728b)  -> (artifact id: 'c5adbf23283483e94ecb08bb4af8a2d9') in 0.010735 seconds 
  Import took 0.038489 seconds .

========================================================================
Received Import Request.
  Time since last request: 2.418153 seconds.
  path: Assets/NOT_Lonely/OverheadCrane/DemoScene/Resources/Prefabs
  artifactKey: Guid(de0a7407225a2ac4b88dc72829fba629) Importer(815301076,1909f56bfc062723c751e8b465ee728b)
Start importing Assets/NOT_Lonely/OverheadCrane/DemoScene/Resources/Prefabs using Guid(de0a7407225a2ac4b88dc72829fba629) Importer(815301076,1909f56bfc062723c751e8b465ee728b)  -> (artifact id: '7abb9a1fe5153ac24d28143a304ad88f') in 0.008218 seconds 
  Import took 0.014822 seconds .

========================================================================
Received Import Request.
  Time since last request: 0.051538 seconds.
  path: Assets/NOT_Lonely/OverheadCrane/DemoScene/Resources/Prefabs/Ceiling.prefab
  artifactKey: Guid(1efb5dc523748394db4f50a9b34f4725) Importer(815301076,1909f56bfc062723c751e8b465ee728b)
Start importing Assets/NOT_Lonely/OverheadCrane/DemoScene/Resources/Prefabs/Ceiling.prefab using Guid(1efb5dc523748394db4f50a9b34f4725) Importer(815301076,1909f56bfc062723c751e8b465ee728b)  -> (artifact id: 'e8d34cda643950570858598c6d1ea941') in 0.042623 seconds 
  Import took 0.048667 seconds .

========================================================================
Received Import Request.
  Time since last request: 0.000356 seconds.
  path: Assets/NOT_Lonely/OverheadCrane/DemoScene/Resources/Prefabs/Wall.prefab
  artifactKey: Guid(72270d8f21559af438fdabaf68426650) Importer(815301076,1909f56bfc062723c751e8b465ee728b)
Start importing Assets/NOT_Lonely/OverheadCrane/DemoScene/Resources/Prefabs/Wall.prefab using Guid(72270d8f21559af438fdabaf68426650) Importer(815301076,1909f56bfc062723c751e8b465ee728b)  -> (artifact id: '7bfcd9d53c3cd2b74a9b2dd6c86a3587') in 0.073524 seconds 
  Import took 0.231391 seconds .

========================================================================
Received Import Request.
  Time since last request: 0.000384 seconds.
  path: Assets/NOT_Lonely/OverheadCrane/DemoScene/Resources/Prefabs/ConcreteBlock.prefab
  artifactKey: Guid(2a24c2def3185fd44934db557e63e8d6) Importer(815301076,1909f56bfc062723c751e8b465ee728b)
Start importing Assets/NOT_Lonely/OverheadCrane/DemoScene/Resources/Prefabs/ConcreteBlock.prefab using Guid(2a24c2def3185fd44934db557e63e8d6) Importer(815301076,1909f56bfc062723c751e8b465ee728b)  -> (artifact id: '8221b21ad2000e8f0eafe979bb1ea841') in 0.118584 seconds 
  Import took 0.124059 seconds .

========================================================================
Received Import Request.
  Time since last request: 0.000361 seconds.
  path: Assets/NOT_Lonely/OverheadCrane/DemoScene/Resources/Prefabs/EndWall.prefab
  artifactKey: Guid(9b7fe8d5de622d74cbe7022cc1181012) Importer(815301076,1909f56bfc062723c751e8b465ee728b)
Start importing Assets/NOT_Lonely/OverheadCrane/DemoScene/Resources/Prefabs/EndWall.prefab using Guid(9b7fe8d5de622d74cbe7022cc1181012) Importer(815301076,1909f56bfc062723c751e8b465ee728b)  -> (artifact id: '6f5b22b3e2873d4e01f143254d2b49b2') in 0.044092 seconds 
  Import took 0.049941 seconds .

========================================================================
Received Import Request.
  Time since last request: 0.000357 seconds.
  path: Assets/NOT_Lonely/OverheadCrane/DemoScene/Resources/Prefabs/WallPilaster.prefab
  artifactKey: Guid(94fc19a7f1cf273419ce6b3eba4c8a48) Importer(815301076,1909f56bfc062723c751e8b465ee728b)
Start importing Assets/NOT_Lonely/OverheadCrane/DemoScene/Resources/Prefabs/WallPilaster.prefab using Guid(94fc19a7f1cf273419ce6b3eba4c8a48) Importer(815301076,1909f56bfc062723c751e8b465ee728b)  -> (artifact id: 'c54ae7f31a3056d07277393fb194df4d') in 0.039824 seconds 
  Import took 0.045970 seconds .

========================================================================
Received Import Request.
  Time since last request: 0.000384 seconds.
  path: Assets/NOT_Lonely/OverheadCrane/DemoScene/Resources/Prefabs/WallSolid.prefab
  artifactKey: Guid(6324ae1bcf8d9164a8d5eae50744528e) Importer(815301076,1909f56bfc062723c751e8b465ee728b)
Start importing Assets/NOT_Lonely/OverheadCrane/DemoScene/Resources/Prefabs/WallSolid.prefab using Guid(6324ae1bcf8d9164a8d5eae50744528e) Importer(815301076,1909f56bfc062723c751e8b465ee728b)  -> (artifact id: '0db2635f42ef2e38f58fd9b5ae431f54') in 0.043464 seconds 
  Import took 0.169090 seconds .

========================================================================
Received Import Request.
  Time since last request: 0.000374 seconds.
  path: Assets/NOT_Lonely/OverheadCrane/DemoScene/Resources/Prefabs/Floor.prefab
  artifactKey: Guid(a504697d59e5d2a49b0c4fb8cae77eb5) Importer(815301076,1909f56bfc062723c751e8b465ee728b)
Start importing Assets/NOT_Lonely/OverheadCrane/DemoScene/Resources/Prefabs/Floor.prefab using Guid(a504697d59e5d2a49b0c4fb8cae77eb5) Importer(815301076,1909f56bfc062723c751e8b465ee728b)  -> (artifact id: '714072514d5665775ab233350af41297') in 0.110838 seconds 
  Import took 0.120890 seconds .

========================================================================
Received Import Request.
  Time since last request: 0.000359 seconds.
  path: Assets/NOT_Lonely/OverheadCrane/DemoScene/Resources/Prefabs/CeilingFrame.prefab
  artifactKey: Guid(30577a82c29601844974107c623853fc) Importer(815301076,1909f56bfc062723c751e8b465ee728b)
Start importing Assets/NOT_Lonely/OverheadCrane/DemoScene/Resources/Prefabs/CeilingFrame.prefab using Guid(30577a82c29601844974107c623853fc) Importer(815301076,1909f56bfc062723c751e8b465ee728b)  -> (artifact id: '58d9d108053c995ead6fc0a0ddfd8536') in 0.044675 seconds 
  Import took 0.050741 seconds .

========================================================================
Received Import Request.
  Time since last request: 5.967909 seconds.
  path: Assets/NOT_Lonely/OverheadCrane/DemoScene/Resources/Textures
  artifactKey: Guid(a5f638fde82fea0418885501c1e4a3c8) Importer(815301076,1909f56bfc062723c751e8b465ee728b)
Start importing Assets/NOT_Lonely/OverheadCrane/DemoScene/Resources/Textures using Guid(a5f638fde82fea0418885501c1e4a3c8) Importer(815301076,1909f56bfc062723c751e8b465ee728b)  -> (artifact id: '9f8d3eb28cc43e57a5cda41eb3b35fef') in 0.002491 seconds 
  Import took 0.319088 seconds .

========================================================================
Received Import Request.
  Time since last request: 0.000381 seconds.
  path: Assets/NOT_Lonely/OverheadCrane/DemoScene/Resources/Textures/concrete_fine_n.tif
  artifactKey: Guid(f54356121a2457d4b87b99918d0aa0a2) Importer(815301076,1909f56bfc062723c751e8b465ee728b)
Start importing Assets/NOT_Lonely/OverheadCrane/DemoScene/Resources/Textures/concrete_fine_n.tif using Guid(f54356121a2457d4b87b99918d0aa0a2) Importer(815301076,1909f56bfc062723c751e8b465ee728b)  -> (artifact id: '440ff98f1c2aba352fb5f093bfc8d84d') in 0.057278 seconds 
  Import took 0.062563 seconds .

========================================================================
Received Import Request.
  Time since last request: 0.000395 seconds.
  path: Assets/NOT_Lonely/OverheadCrane/DemoScene/Resources/Textures/concrete_bc_sm.tif
  artifactKey: Guid(04e3a24e3b896af408324a1fb11563eb) Importer(815301076,1909f56bfc062723c751e8b465ee728b)
Start importing Assets/NOT_Lonely/OverheadCrane/DemoScene/Resources/Textures/concrete_bc_sm.tif using Guid(04e3a24e3b896af408324a1fb11563eb) Importer(815301076,1909f56bfc062723c751e8b465ee728b)  -> (artifact id: '46342304764bf1c0eaa349ed0c6572c8') in 0.039456 seconds 
  Import took 0.044794 seconds .

========================================================================
Received Import Request.
  Time since last request: 0.000418 seconds.
  path: Assets/NOT_Lonely/OverheadCrane/DemoScene/Resources/Textures/Glass_m_ao_sm.tif
  artifactKey: Guid(6f780a7928cdce841a8a5e4a0c661db3) Importer(815301076,1909f56bfc062723c751e8b465ee728b)
Start importing Assets/NOT_Lonely/OverheadCrane/DemoScene/Resources/Textures/Glass_m_ao_sm.tif using Guid(6f780a7928cdce841a8a5e4a0c661db3) Importer(815301076,1909f56bfc062723c751e8b465ee728b)  -> (artifact id: '49251ce00ddb58faf4449094ea601aa1') in 0.021423 seconds 
  Import took 0.215738 seconds .

========================================================================
Received Import Request.
  Time since last request: 0.000348 seconds.
  path: Assets/NOT_Lonely/OverheadCrane/DemoScene/Resources/Textures/ConcreteBlock_m_ao_sm.tif
  artifactKey: Guid(789b02c6e5915fb468b0dd3db2ab02a6) Importer(815301076,1909f56bfc062723c751e8b465ee728b)
Start importing Assets/NOT_Lonely/OverheadCrane/DemoScene/Resources/Textures/ConcreteBlock_m_ao_sm.tif using Guid(789b02c6e5915fb468b0dd3db2ab02a6) Importer(815301076,1909f56bfc062723c751e8b465ee728b)  -> (artifact id: '60f332c6d6011086c34f9d29adb8a99c') in 0.024860 seconds 
  Import took 0.034008 seconds .

========================================================================
Received Import Request.
  Time since last request: 0.000360 seconds.
  path: Assets/NOT_Lonely/OverheadCrane/DemoScene/Resources/Textures/concrete_fine_bc_sm.tif
  artifactKey: Guid(beb558b952632c34dbfbee0189d4b848) Importer(815301076,1909f56bfc062723c751e8b465ee728b)
Start importing Assets/NOT_Lonely/OverheadCrane/DemoScene/Resources/Textures/concrete_fine_bc_sm.tif using Guid(beb558b952632c34dbfbee0189d4b848) Importer(815301076,1909f56bfc062723c751e8b465ee728b)  -> (artifact id: 'ff3ea42fb56fd76ab4bfdedc392c303f') in 0.045134 seconds 
  Import took 0.120039 seconds .

========================================================================
Received Import Request.
  Time since last request: 0.000407 seconds.
  path: Assets/NOT_Lonely/OverheadCrane/DemoScene/Resources/Textures/Glass_bc.tif
  artifactKey: Guid(f51525ad829ef5f438f8c2cdfea22633) Importer(815301076,1909f56bfc062723c751e8b465ee728b)
Start importing Assets/NOT_Lonely/OverheadCrane/DemoScene/Resources/Textures/Glass_bc.tif using Guid(f51525ad829ef5f438f8c2cdfea22633) Importer(815301076,1909f56bfc062723c751e8b465ee728b)  -> (artifact id: 'f5d297dc11954fe792ae0304cce02782') in 0.015735 seconds 
  Import took 0.089364 seconds .

========================================================================
Received Import Request.
  Time since last request: 0.000405 seconds.
  path: Assets/NOT_Lonely/OverheadCrane/DemoScene/Resources/Textures/Metal_m_sm.tif
  artifactKey: Guid(95aec206c47bac8479ab98db92c7f052) Importer(815301076,1909f56bfc062723c751e8b465ee728b)
Start importing Assets/NOT_Lonely/OverheadCrane/DemoScene/Resources/Textures/Metal_m_sm.tif using Guid(95aec206c47bac8479ab98db92c7f052) Importer(815301076,1909f56bfc062723c751e8b465ee728b)  -> (artifact id: 'daf99ec38bcf216032a2c9df6fdef01e') in 0.015900 seconds 
  Import took 0.035605 seconds .

========================================================================
Received Import Request.
  Time since last request: 0.000371 seconds.
  path: Assets/NOT_Lonely/OverheadCrane/DemoScene/Resources/Textures/ConcreteBlock_bc.tif
  artifactKey: Guid(cc7b3f0e130f2004a9cfd1647b1d2444) Importer(815301076,1909f56bfc062723c751e8b465ee728b)
Start importing Assets/NOT_Lonely/OverheadCrane/DemoScene/Resources/Textures/ConcreteBlock_bc.tif using Guid(cc7b3f0e130f2004a9cfd1647b1d2444) Importer(815301076,1909f56bfc062723c751e8b465ee728b)  -> (artifact id: '8c40d43244ea8aa87a0a17a2307305ba') in 0.058321 seconds 
  Import took 0.063922 seconds .

========================================================================
Received Import Request.
  Time since last request: 0.000399 seconds.
  path: Assets/NOT_Lonely/OverheadCrane/DemoScene/Resources/Textures/concrete_n.tif
  artifactKey: Guid(71addf41eef24994fb8ea0e54416cdde) Importer(815301076,1909f56bfc062723c751e8b465ee728b)
Start importing Assets/NOT_Lonely/OverheadCrane/DemoScene/Resources/Textures/concrete_n.tif using Guid(71addf41eef24994fb8ea0e54416cdde) Importer(815301076,1909f56bfc062723c751e8b465ee728b)  -> (artifact id: 'a23d8d9fef734e2d1f2e0fb7c608b8cc') in 0.045597 seconds 
  Import took 0.051085 seconds .

========================================================================
Received Import Request.
  Time since last request: 0.000419 seconds.
  path: Assets/NOT_Lonely/OverheadCrane/DemoScene/Resources/Textures/Metal_bc.png
  artifactKey: Guid(c024ce74e9ed5f340962a548dcdddb5c) Importer(815301076,1909f56bfc062723c751e8b465ee728b)
Start importing Assets/NOT_Lonely/OverheadCrane/DemoScene/Resources/Textures/Metal_bc.png using Guid(c024ce74e9ed5f340962a548dcdddb5c) Importer(815301076,1909f56bfc062723c751e8b465ee728b)  -> (artifact id: 'bcf5f2ecca46426916408974d88405d6') in 0.052827 seconds 
  Import took 0.058372 seconds .

========================================================================
Received Import Request.
  Time since last request: 0.000373 seconds.
  path: Assets/NOT_Lonely/OverheadCrane/DemoScene/Resources/Textures/Metal_n.png
  artifactKey: Guid(8c6e8e7c911ccc04194eb6969a904fd9) Importer(815301076,1909f56bfc062723c751e8b465ee728b)
Start importing Assets/NOT_Lonely/OverheadCrane/DemoScene/Resources/Textures/Metal_n.png using Guid(8c6e8e7c911ccc04194eb6969a904fd9) Importer(815301076,1909f56bfc062723c751e8b465ee728b)  -> (artifact id: '3d5525423e1ebd12cb98bcb541aeff4c') in 0.048425 seconds 
  Import took 0.116170 seconds .

========================================================================
Received Import Request.
  Time since last request: 0.000374 seconds.
  path: Assets/NOT_Lonely/OverheadCrane/DemoScene/Resources/Textures/Glass_e.tif
  artifactKey: Guid(a39d66c2539d9d7439582c46719950e7) Importer(815301076,1909f56bfc062723c751e8b465ee728b)
Start importing Assets/NOT_Lonely/OverheadCrane/DemoScene/Resources/Textures/Glass_e.tif using Guid(a39d66c2539d9d7439582c46719950e7) Importer(815301076,1909f56bfc062723c751e8b465ee728b)  -> (artifact id: '2d019d173d82972e3f20a06471e187da') in 0.015240 seconds 
  Import took 0.082937 seconds .

========================================================================
Received Import Request.
  Time since last request: 0.000455 seconds.
  path: Assets/NOT_Lonely/OverheadCrane/DemoScene/Resources/Textures/concrete_painted_n.tif
  artifactKey: Guid(3bd2a6159b72b5748a6f565b80187285) Importer(815301076,1909f56bfc062723c751e8b465ee728b)
Start importing Assets/NOT_Lonely/OverheadCrane/DemoScene/Resources/Textures/concrete_painted_n.tif using Guid(3bd2a6159b72b5748a6f565b80187285) Importer(815301076,1909f56bfc062723c751e8b465ee728b)  -> (artifact id: 'c6ce2b03562016a7d146b3e198be56a7') in 0.062742 seconds 
  Import took 0.189750 seconds .

========================================================================
Received Import Request.
  Time since last request: 0.000353 seconds.
  path: Assets/NOT_Lonely/OverheadCrane/DemoScene/Resources/Textures/ConcreteBlock_n.tif
  artifactKey: Guid(71c8c9a8c95826e4ca8e463381e4e41e) Importer(815301076,1909f56bfc062723c751e8b465ee728b)
Start importing Assets/NOT_Lonely/OverheadCrane/DemoScene/Resources/Textures/ConcreteBlock_n.tif using Guid(71c8c9a8c95826e4ca8e463381e4e41e) Importer(815301076,1909f56bfc062723c751e8b465ee728b)  -> (artifact id: 'aff4ee554df04a9026bd30c5d3b0be04') in 0.061050 seconds 
  Import took 0.083262 seconds .

========================================================================
Received Import Request.
  Time since last request: 0.000326 seconds.
  path: Assets/NOT_Lonely/OverheadCrane/DemoScene/Resources/Textures/concrete_painted_bc_cm.tif
  artifactKey: Guid(b5f92ed6bb581d2428851ce51c935d40) Importer(815301076,1909f56bfc062723c751e8b465ee728b)
Start importing Assets/NOT_Lonely/OverheadCrane/DemoScene/Resources/Textures/concrete_painted_bc_cm.tif using Guid(b5f92ed6bb581d2428851ce51c935d40) Importer(815301076,1909f56bfc062723c751e8b465ee728b)  -> (artifact id: '3ab914090932f7a12646b32e9f82aa1e') in 0.070720 seconds 
  Import took 0.075822 seconds .

========================================================================
Received Prepare
Assets/asset_store/Safe/Safe.c4d: Unity no longer supports importing Cinema 4D files directly, but we're working with Maxon to make the experience better. To import Cinema 4D files, install Maxon's external importer. You can find more information on the Unity Forum: https://on.unity.com/c4d.

Please note that FBX files exported from Cinema4D are still supported.

Registering precompiled user dll's ...
Registered in 0.007242 seconds.
Begin MonoManager ReloadAssembly
Native extension for WindowsStandalone target not found
Refreshing native plugins compatible for Editor in 0.99 ms, found 10 plugins.
Preloading 1 native plugins for Editor in 0.07 ms.
System.Reflection.TargetInvocationException: Exception has been thrown by the target of an invocation. ---> System.NullReferenceException: Object reference not set to an instance of an object
  at Unity.XR.Oculus.OculusLoader.AssetPathToAbsolutePath (System.String assetPath) [0x00048] in D:\원격강좌\3학년 2학기\VR\VR_ProjectPrototype\DoAnything_prototype\Library\PackageCache\com.unity.xr.oculus@1.10.0\Runtime\OculusLoader.cs:250 
  at Unity.XR.Oculus.OculusLoader.EditorLoadOVRPlugin () [0x0007b] in D:\원격강좌\3학년 2학기\VR\VR_ProjectPrototype\DoAnything_prototype\Library\PackageCache\com.unity.xr.oculus@1.10.0\Runtime\OculusLoader.cs:235 
  at (wrapper managed-to-native) System.Reflection.MonoMethod.InternalInvoke(System.Reflection.MonoMethod,object,object[],System.Exception&)
  at System.Reflection.MonoMethod.Invoke (System.Object obj, System.Reflection.BindingFlags invokeAttr, System.Reflection.Binder binder, System.Object[] parameters, System.Globalization.CultureInfo culture) [0x00032] in <695d1cc93cca45069c528c15c9fdd749>:0 
   --- End of inner exception stack trace ---
  at System.Reflection.MonoMethod.Invoke (System.Object obj, System.Reflection.BindingFlags invokeAttr, System.Reflection.Binder binder, System.Object[] parameters, System.Globalization.CultureInfo culture) [0x00048] in <695d1cc93cca45069c528c15c9fdd749>:0 
  at System.Reflection.MethodBase.Invoke (System.Object obj, System.Object[] parameters) [0x00000] in <695d1cc93cca45069c528c15c9fdd749>:0 
  at UnityEditor.EditorAssemblies.ProcessInitializeOnLoadMethodAttributes () [0x00047] in <d0e4b8c1204147f3935b6e9c8b8565ad>:0 
UnityEngine.StackTraceUtility:ExtractStackTrace ()
UnityEngine.DebugLogHandler:LogFormat (UnityEngine.LogType,UnityEngine.Object,string,object[])
UnityEngine.Logger:Log (UnityEngine.LogType,object)
UnityEngine.Debug:LogError (object)
UnityEditor.EditorAssemblies:ProcessInitializeOnLoadMethodAttributes ()

Mono: successfully reloaded assembly
- Completed reload, in  1.341 seconds
Domain Reload Profiling:
	ReloadAssembly (1341ms)
		BeginReloadAssembly (157ms)
			ExecutionOrderSort (0ms)
			DisableScriptedObjects (7ms)
			BackupInstance (0ms)
			ReleaseScriptingObjects (0ms)
			CreateAndSetChildDomain (43ms)
		EndReloadAssembly (1123ms)
			LoadAssemblies (102ms)
			RebuildTransferFunctionScriptingTraits (0ms)
			SetupTypeCache (336ms)
			ReleaseScriptCaches (1ms)
			RebuildScriptCaches (60ms)
			SetupLoadedEditorAssemblies (469ms)
				LogAssemblyErrors (0ms)
				InitializePlatformSupportModulesInManaged (4ms)
				SetLoadedEditorAssemblies (0ms)
				RefreshPlugins (1ms)
				BeforeProcessingInitializeOnLoad (109ms)
				ProcessInitializeOnLoadAttributes (330ms)
				ProcessInitializeOnLoadMethodAttributes (14ms)
				AfterProcessingInitializeOnLoad (9ms)
				EditorAssembliesLoaded (0ms)
			ExecutionOrderSort2 (0ms)
			AwakeInstancesAfterBackupRestoration (14ms)
Platform modules already initialized, skipping
Switching build target platform(19) subTarget(0) extendedPlatform(0) -> platform(13) subTarget(536870912) extendedPlatform(0)
Refreshing native plugins compatible for Editor in 0.99 ms, found 10 plugins.
Preloading 1 native plugins for Editor in 0.06 ms.
Unloading 3832 Unused Serialized files (Serialized files now loaded: 0)
System memory in use before: 209.7 MB.
System memory in use after: 209.9 MB.

Unloading 31 unused Assets to reduce memory usage. Loaded Objects now: 4525.
Total: 4.236900 ms (FindLiveObjects: 0.361400 ms CreateObjectMapping: 0.159600 ms MarkObjects: 3.686600 ms  DeleteObjects: 0.028000 ms)

AssetImportParameters requested are different than current active one (requested -> active):
  custom:framework-win-MediaFoundation: 216162199b28c13a410421893ffa2e32 -> 
  custom:video-decoder-ogg-theora: a1e56fd34408186e4bbccfd4996cb3dc -> 
  custom:container-muxer-webm: aa71ff27fc2769a1b78a27578f13a17b -> 
  custom:container-demuxer-webm: 4f35f7cbe854078d1ac9338744f61a02 -> 
  custom:container-demuxer-ogg: 62fdf1f143b41e24485cea50d1cbac27 -> 
  custom:video-encoder-webm-vp8: eb34c28f22e8b96e1ab97ce403110664 -> 
  custom:video-decoder-webm-vp8: 9c59270c3fd7afecdb556c50c9e8de78 -> 
  custom:graphics/normal-map-encoding: 01000000000000000000000000000000 -> 02000000000000000000000000000000
  custom:audio-decoder-ogg-vorbis: bf7c407c2cedff20999df2af8eb42d56 -> 
  custom:audio-encoder-webm-vorbis: bf7c407c2cedff20999df2af8eb42d56 -> 
========================================================================
Received Prepare
Assets/asset_store/Safe/Safe.c4d: Unity no longer supports importing Cinema 4D files directly, but we're working with Maxon to make the experience better. To import Cinema 4D files, install Maxon's external importer. You can find more information on the Unity Forum: https://on.unity.com/c4d.

Please note that FBX files exported from Cinema4D are still supported.

Registering precompiled user dll's ...
Registered in 0.006904 seconds.
Begin MonoManager ReloadAssembly
Native extension for WindowsStandalone target not found
Refreshing native plugins compatible for Editor in 1.01 ms, found 10 plugins.
Preloading 1 native plugins for Editor in 0.07 ms.
System.Reflection.TargetInvocationException: Exception has been thrown by the target of an invocation. ---> System.NullReferenceException: Object reference not set to an instance of an object
  at Unity.XR.Oculus.OculusLoader.AssetPathToAbsolutePath (System.String assetPath) [0x00048] in D:\원격강좌\3학년 2학기\VR\VR_ProjectPrototype\DoAnything_prototype\Library\PackageCache\com.unity.xr.oculus@1.10.0\Runtime\OculusLoader.cs:250 
  at Unity.XR.Oculus.OculusLoader.EditorLoadOVRPlugin () [0x0007b] in D:\원격강좌\3학년 2학기\VR\VR_ProjectPrototype\DoAnything_prototype\Library\PackageCache\com.unity.xr.oculus@1.10.0\Runtime\OculusLoader.cs:235 
  at (wrapper managed-to-native) System.Reflection.MonoMethod.InternalInvoke(System.Reflection.MonoMethod,object,object[],System.Exception&)
  at System.Reflection.MonoMethod.Invoke (System.Object obj, System.Reflection.BindingFlags invokeAttr, System.Reflection.Binder binder, System.Object[] parameters, System.Globalization.CultureInfo culture) [0x00032] in <695d1cc93cca45069c528c15c9fdd749>:0 
   --- End of inner exception stack trace ---
  at System.Reflection.MonoMethod.Invoke (System.Object obj, System.Reflection.BindingFlags invokeAttr, System.Reflection.Binder binder, System.Object[] parameters, System.Globalization.CultureInfo culture) [0x00048] in <695d1cc93cca45069c528c15c9fdd749>:0 
  at System.Reflection.MethodBase.Invoke (System.Object obj, System.Object[] parameters) [0x00000] in <695d1cc93cca45069c528c15c9fdd749>:0 
  at UnityEditor.EditorAssemblies.ProcessInitializeOnLoadMethodAttributes () [0x00047] in <d0e4b8c1204147f3935b6e9c8b8565ad>:0 
UnityEngine.StackTraceUtility:ExtractStackTrace ()
UnityEngine.DebugLogHandler:LogFormat (UnityEngine.LogType,UnityEngine.Object,string,object[])
UnityEngine.Logger:Log (UnityEngine.LogType,object)
UnityEngine.Debug:LogError (object)
UnityEditor.EditorAssemblies:ProcessInitializeOnLoadMethodAttributes ()

Mono: successfully reloaded assembly
- Completed reload, in  1.496 seconds
Domain Reload Profiling:
	ReloadAssembly (1496ms)
		BeginReloadAssembly (120ms)
			ExecutionOrderSort (0ms)
			DisableScriptedObjects (4ms)
			BackupInstance (0ms)
			ReleaseScriptingObjects (0ms)
			CreateAndSetChildDomain (39ms)
		EndReloadAssembly (1311ms)
			LoadAssemblies (106ms)
			RebuildTransferFunctionScriptingTraits (0ms)
			SetupTypeCache (357ms)
			ReleaseScriptCaches (2ms)
			RebuildScriptCaches (64ms)
			SetupLoadedEditorAssemblies (489ms)
				LogAssemblyErrors (0ms)
				InitializePlatformSupportModulesInManaged (4ms)
				SetLoadedEditorAssemblies (0ms)
				RefreshPlugins (1ms)
				BeforeProcessingInitializeOnLoad (116ms)
				ProcessInitializeOnLoadAttributes (342ms)
				ProcessInitializeOnLoadMethodAttributes (16ms)
				AfterProcessingInitializeOnLoad (9ms)
				EditorAssembliesLoaded (0ms)
			ExecutionOrderSort2 (0ms)
			AwakeInstancesAfterBackupRestoration (16ms)
Platform modules already initialized, skipping
Switching build target platform(19) subTarget(0) extendedPlatform(0) -> platform(13) subTarget(536870912) extendedPlatform(0)
Refreshing native plugins compatible for Editor in 1.72 ms, found 10 plugins.
Preloading 1 native plugins for Editor in 0.08 ms.
Unloading 3832 Unused Serialized files (Serialized files now loaded: 0)
System memory in use before: 209.8 MB.
System memory in use after: 210.0 MB.

Unloading 31 unused Assets to reduce memory usage. Loaded Objects now: 4528.
Total: 3.909900 ms (FindLiveObjects: 0.368000 ms CreateObjectMapping: 0.213400 ms MarkObjects: 3.295700 ms  DeleteObjects: 0.031000 ms)

AssetImportParameters requested are different than current active one (requested -> active):
  custom:framework-win-MediaFoundation: 216162199b28c13a410421893ffa2e32 -> 
  custom:video-decoder-ogg-theora: a1e56fd34408186e4bbccfd4996cb3dc -> 
  custom:container-muxer-webm: aa71ff27fc2769a1b78a27578f13a17b -> 
  custom:container-demuxer-webm: 4f35f7cbe854078d1ac9338744f61a02 -> 
  custom:container-demuxer-ogg: 62fdf1f143b41e24485cea50d1cbac27 -> 
  custom:video-encoder-webm-vp8: eb34c28f22e8b96e1ab97ce403110664 -> 
  custom:video-decoder-webm-vp8: 9c59270c3fd7afecdb556c50c9e8de78 -> 
  custom:graphics/normal-map-encoding: 01000000000000000000000000000000 -> 02000000000000000000000000000000
  custom:audio-decoder-ogg-vorbis: bf7c407c2cedff20999df2af8eb42d56 -> 
  custom:audio-encoder-webm-vorbis: bf7c407c2cedff20999df2af8eb42d56 -> 
========================================================================
Received Prepare
Assets/asset_store/Safe/Safe.c4d: Unity no longer supports importing Cinema 4D files directly, but we're working with Maxon to make the experience better. To import Cinema 4D files, install Maxon's external importer. You can find more information on the Unity Forum: https://on.unity.com/c4d.

Please note that FBX files exported from Cinema4D are still supported.

Registering precompiled user dll's ...
Registered in 0.007114 seconds.
Begin MonoManager ReloadAssembly
Native extension for WindowsStandalone target not found
Refreshing native plugins compatible for Editor in 0.98 ms, found 10 plugins.
Preloading 1 native plugins for Editor in 0.06 ms.
System.Reflection.TargetInvocationException: Exception has been thrown by the target of an invocation. ---> System.NullReferenceException: Object reference not set to an instance of an object
  at Unity.XR.Oculus.OculusLoader.AssetPathToAbsolutePath (System.String assetPath) [0x00048] in D:\원격강좌\3학년 2학기\VR\VR_ProjectPrototype\DoAnything_prototype\Library\PackageCache\com.unity.xr.oculus@1.10.0\Runtime\OculusLoader.cs:250 
  at Unity.XR.Oculus.OculusLoader.EditorLoadOVRPlugin () [0x0007b] in D:\원격강좌\3학년 2학기\VR\VR_ProjectPrototype\DoAnything_prototype\Library\PackageCache\com.unity.xr.oculus@1.10.0\Runtime\OculusLoader.cs:235 
  at (wrapper managed-to-native) System.Reflection.MonoMethod.InternalInvoke(System.Reflection.MonoMethod,object,object[],System.Exception&)
  at System.Reflection.MonoMethod.Invoke (System.Object obj, System.Reflection.BindingFlags invokeAttr, System.Reflection.Binder binder, System.Object[] parameters, System.Globalization.CultureInfo culture) [0x00032] in <695d1cc93cca45069c528c15c9fdd749>:0 
   --- End of inner exception stack trace ---
  at System.Reflection.MonoMethod.Invoke (System.Object obj, System.Reflection.BindingFlags invokeAttr, System.Reflection.Binder binder, System.Object[] parameters, System.Globalization.CultureInfo culture) [0x00048] in <695d1cc93cca45069c528c15c9fdd749>:0 
  at System.Reflection.MethodBase.Invoke (System.Object obj, System.Object[] parameters) [0x00000] in <695d1cc93cca45069c528c15c9fdd749>:0 
  at UnityEditor.EditorAssemblies.ProcessInitializeOnLoadMethodAttributes () [0x00047] in <d0e4b8c1204147f3935b6e9c8b8565ad>:0 
UnityEngine.StackTraceUtility:ExtractStackTrace ()
UnityEngine.DebugLogHandler:LogFormat (UnityEngine.LogType,UnityEngine.Object,string,object[])
UnityEngine.Logger:Log (UnityEngine.LogType,object)
UnityEngine.Debug:LogError (object)
UnityEditor.EditorAssemblies:ProcessInitializeOnLoadMethodAttributes ()

Mono: successfully reloaded assembly
- Completed reload, in  1.302 seconds
Domain Reload Profiling:
	ReloadAssembly (1302ms)
		BeginReloadAssembly (124ms)
			ExecutionOrderSort (0ms)
			DisableScriptedObjects (4ms)
			BackupInstance (0ms)
			ReleaseScriptingObjects (0ms)
			CreateAndSetChildDomain (36ms)
		EndReloadAssembly (1116ms)
			LoadAssemblies (102ms)
			RebuildTransferFunctionScriptingTraits (0ms)
			SetupTypeCache (330ms)
			ReleaseScriptCaches (1ms)
			RebuildScriptCaches (63ms)
			SetupLoadedEditorAssemblies (450ms)
				LogAssemblyErrors (0ms)
				InitializePlatformSupportModulesInManaged (4ms)
				SetLoadedEditorAssemblies (0ms)
				RefreshPlugins (1ms)
				BeforeProcessingInitializeOnLoad (111ms)
				ProcessInitializeOnLoadAttributes (310ms)
				ProcessInitializeOnLoadMethodAttributes (15ms)
				AfterProcessingInitializeOnLoad (8ms)
				EditorAssembliesLoaded (0ms)
			ExecutionOrderSort2 (0ms)
			AwakeInstancesAfterBackupRestoration (14ms)
Platform modules already initialized, skipping
Switching build target platform(19) subTarget(0) extendedPlatform(0) -> platform(13) subTarget(536870912) extendedPlatform(0)
Refreshing native plugins compatible for Editor in 0.99 ms, found 10 plugins.
Preloading 1 native plugins for Editor in 0.06 ms.
Unloading 3832 Unused Serialized files (Serialized files now loaded: 0)
System memory in use before: 209.8 MB.
System memory in use after: 210.0 MB.

Unloading 31 unused Assets to reduce memory usage. Loaded Objects now: 4531.
Total: 4.190300 ms (FindLiveObjects: 0.502100 ms CreateObjectMapping: 0.209200 ms MarkObjects: 3.449100 ms  DeleteObjects: 0.028900 ms)

AssetImportParameters requested are different than current active one (requested -> active):
  custom:framework-win-MediaFoundation: 216162199b28c13a410421893ffa2e32 -> 
  custom:video-decoder-ogg-theora: a1e56fd34408186e4bbccfd4996cb3dc -> 
  custom:container-muxer-webm: aa71ff27fc2769a1b78a27578f13a17b -> 
  custom:container-demuxer-webm: 4f35f7cbe854078d1ac9338744f61a02 -> 
  custom:container-demuxer-ogg: 62fdf1f143b41e24485cea50d1cbac27 -> 
  custom:video-encoder-webm-vp8: eb34c28f22e8b96e1ab97ce403110664 -> 
  custom:video-decoder-webm-vp8: 9c59270c3fd7afecdb556c50c9e8de78 -> 
  custom:graphics/normal-map-encoding: 01000000000000000000000000000000 -> 02000000000000000000000000000000
  custom:audio-decoder-ogg-vorbis: bf7c407c2cedff20999df2af8eb42d56 -> 
  custom:audio-encoder-webm-vorbis: bf7c407c2cedff20999df2af8eb42d56 -> 
========================================================================
Received Prepare
Assets/asset_store/Safe/Safe.c4d: Unity no longer supports importing Cinema 4D files directly, but we're working with Maxon to make the experience better. To import Cinema 4D files, install Maxon's external importer. You can find more information on the Unity Forum: https://on.unity.com/c4d.

Please note that FBX files exported from Cinema4D are still supported.

Registering precompiled user dll's ...
Registered in 0.007472 seconds.
Begin MonoManager ReloadAssembly
Native extension for WindowsStandalone target not found
Refreshing native plugins compatible for Editor in 1.00 ms, found 10 plugins.
Preloading 1 native plugins for Editor in 0.06 ms.
System.Reflection.TargetInvocationException: Exception has been thrown by the target of an invocation. ---> System.NullReferenceException: Object reference not set to an instance of an object
  at Unity.XR.Oculus.OculusLoader.AssetPathToAbsolutePath (System.String assetPath) [0x00048] in D:\원격강좌\3학년 2학기\VR\VR_ProjectPrototype\DoAnything_prototype\Library\PackageCache\com.unity.xr.oculus@1.10.0\Runtime\OculusLoader.cs:250 
  at Unity.XR.Oculus.OculusLoader.EditorLoadOVRPlugin () [0x0007b] in D:\원격강좌\3학년 2학기\VR\VR_ProjectPrototype\DoAnything_prototype\Library\PackageCache\com.unity.xr.oculus@1.10.0\Runtime\OculusLoader.cs:235 
  at (wrapper managed-to-native) System.Reflection.MonoMethod.InternalInvoke(System.Reflection.MonoMethod,object,object[],System.Exception&)
  at System.Reflection.MonoMethod.Invoke (System.Object obj, System.Reflection.BindingFlags invokeAttr, System.Reflection.Binder binder, System.Object[] parameters, System.Globalization.CultureInfo culture) [0x00032] in <695d1cc93cca45069c528c15c9fdd749>:0 
   --- End of inner exception stack trace ---
  at System.Reflection.MonoMethod.Invoke (System.Object obj, System.Reflection.BindingFlags invokeAttr, System.Reflection.Binder binder, System.Object[] parameters, System.Globalization.CultureInfo culture) [0x00048] in <695d1cc93cca45069c528c15c9fdd749>:0 
  at System.Reflection.MethodBase.Invoke (System.Object obj, System.Object[] parameters) [0x00000] in <695d1cc93cca45069c528c15c9fdd749>:0 
  at UnityEditor.EditorAssemblies.ProcessInitializeOnLoadMethodAttributes () [0x00047] in <d0e4b8c1204147f3935b6e9c8b8565ad>:0 
UnityEngine.StackTraceUtility:ExtractStackTrace ()
UnityEngine.DebugLogHandler:LogFormat (UnityEngine.LogType,UnityEngine.Object,string,object[])
UnityEngine.Logger:Log (UnityEngine.LogType,object)
UnityEngine.Debug:LogError (object)
UnityEditor.EditorAssemblies:ProcessInitializeOnLoadMethodAttributes ()

Mono: successfully reloaded assembly
- Completed reload, in  1.306 seconds
Domain Reload Profiling:
	ReloadAssembly (1307ms)
		BeginReloadAssembly (126ms)
			ExecutionOrderSort (0ms)
			DisableScriptedObjects (4ms)
			BackupInstance (0ms)
			ReleaseScriptingObjects (0ms)
			CreateAndSetChildDomain (36ms)
		EndReloadAssembly (1118ms)
			LoadAssemblies (102ms)
			RebuildTransferFunctionScriptingTraits (0ms)
			SetupTypeCache (320ms)
			ReleaseScriptCaches (1ms)
			RebuildScriptCaches (63ms)
			SetupLoadedEditorAssemblies (450ms)
				LogAssemblyErrors (0ms)
				InitializePlatformSupportModulesInManaged (4ms)
				SetLoadedEditorAssemblies (0ms)
				RefreshPlugins (1ms)
				BeforeProcessingInitializeOnLoad (105ms)
				ProcessInitializeOnLoadAttributes (316ms)
				ProcessInitializeOnLoadMethodAttributes (15ms)
				AfterProcessingInitializeOnLoad (8ms)
				EditorAssembliesLoaded (0ms)
			ExecutionOrderSort2 (0ms)
			AwakeInstancesAfterBackupRestoration (15ms)
Platform modules already initialized, skipping
Switching build target platform(19) subTarget(0) extendedPlatform(0) -> platform(13) subTarget(536870912) extendedPlatform(0)
Refreshing native plugins compatible for Editor in 1.65 ms, found 10 plugins.
Preloading 1 native plugins for Editor in 0.08 ms.
Unloading 3832 Unused Serialized files (Serialized files now loaded: 0)
System memory in use before: 209.8 MB.
System memory in use after: 210.1 MB.

Unloading 31 unused Assets to reduce memory usage. Loaded Objects now: 4534.
Total: 3.790800 ms (FindLiveObjects: 0.396400 ms CreateObjectMapping: 0.209900 ms MarkObjects: 3.153800 ms  DeleteObjects: 0.029500 ms)

AssetImportParameters requested are different than current active one (requested -> active):
  custom:framework-win-MediaFoundation: 216162199b28c13a410421893ffa2e32 -> 
  custom:video-decoder-ogg-theora: a1e56fd34408186e4bbccfd4996cb3dc -> 
  custom:container-muxer-webm: aa71ff27fc2769a1b78a27578f13a17b -> 
  custom:container-demuxer-webm: 4f35f7cbe854078d1ac9338744f61a02 -> 
  custom:container-demuxer-ogg: 62fdf1f143b41e24485cea50d1cbac27 -> 
  custom:video-encoder-webm-vp8: eb34c28f22e8b96e1ab97ce403110664 -> 
  custom:video-decoder-webm-vp8: 9c59270c3fd7afecdb556c50c9e8de78 -> 
  custom:graphics/normal-map-encoding: 01000000000000000000000000000000 -> 02000000000000000000000000000000
  custom:audio-decoder-ogg-vorbis: bf7c407c2cedff20999df2af8eb42d56 -> 
  custom:audio-encoder-webm-vorbis: bf7c407c2cedff20999df2af8eb42d56 -> 
========================================================================
Received Prepare
Assets/asset_store/Safe/Safe.c4d: Unity no longer supports importing Cinema 4D files directly, but we're working with Maxon to make the experience better. To import Cinema 4D files, install Maxon's external importer. You can find more information on the Unity Forum: https://on.unity.com/c4d.

Please note that FBX files exported from Cinema4D are still supported.

Registering precompiled user dll's ...
Registered in 0.007595 seconds.
Begin MonoManager ReloadAssembly
Native extension for WindowsStandalone target not found
Refreshing native plugins compatible for Editor in 1.07 ms, found 10 plugins.
Preloading 1 native plugins for Editor in 0.07 ms.
System.Reflection.TargetInvocationException: Exception has been thrown by the target of an invocation. ---> System.NullReferenceException: Object reference not set to an instance of an object
  at Unity.XR.Oculus.OculusLoader.AssetPathToAbsolutePath (System.String assetPath) [0x00048] in D:\원격강좌\3학년 2학기\VR\VR_ProjectPrototype\DoAnything_prototype\Library\PackageCache\com.unity.xr.oculus@1.10.0\Runtime\OculusLoader.cs:250 
  at Unity.XR.Oculus.OculusLoader.EditorLoadOVRPlugin () [0x0007b] in D:\원격강좌\3학년 2학기\VR\VR_ProjectPrototype\DoAnything_prototype\Library\PackageCache\com.unity.xr.oculus@1.10.0\Runtime\OculusLoader.cs:235 
  at (wrapper managed-to-native) System.Reflection.MonoMethod.InternalInvoke(System.Reflection.MonoMethod,object,object[],System.Exception&)
  at System.Reflection.MonoMethod.Invoke (System.Object obj, System.Reflection.BindingFlags invokeAttr, System.Reflection.Binder binder, System.Object[] parameters, System.Globalization.CultureInfo culture) [0x00032] in <695d1cc93cca45069c528c15c9fdd749>:0 
   --- End of inner exception stack trace ---
  at System.Reflection.MonoMethod.Invoke (System.Object obj, System.Reflection.BindingFlags invokeAttr, System.Reflection.Binder binder, System.Object[] parameters, System.Globalization.CultureInfo culture) [0x00048] in <695d1cc93cca45069c528c15c9fdd749>:0 
  at System.Reflection.MethodBase.Invoke (System.Object obj, System.Object[] parameters) [0x00000] in <695d1cc93cca45069c528c15c9fdd749>:0 
  at UnityEditor.EditorAssemblies.ProcessInitializeOnLoadMethodAttributes () [0x00047] in <d0e4b8c1204147f3935b6e9c8b8565ad>:0 
UnityEngine.StackTraceUtility:ExtractStackTrace ()
UnityEngine.DebugLogHandler:LogFormat (UnityEngine.LogType,UnityEngine.Object,string,object[])
UnityEngine.Logger:Log (UnityEngine.LogType,object)
UnityEngine.Debug:LogError (object)
UnityEditor.EditorAssemblies:ProcessInitializeOnLoadMethodAttributes ()

Mono: successfully reloaded assembly
- Completed reload, in  1.517 seconds
Domain Reload Profiling:
	ReloadAssembly (1518ms)
		BeginReloadAssembly (120ms)
			ExecutionOrderSort (0ms)
			DisableScriptedObjects (4ms)
			BackupInstance (0ms)
			ReleaseScriptingObjects (0ms)
			CreateAndSetChildDomain (39ms)
		EndReloadAssembly (1336ms)
			LoadAssemblies (110ms)
			RebuildTransferFunctionScriptingTraits (0ms)
			SetupTypeCache (340ms)
			ReleaseScriptCaches (1ms)
			RebuildScriptCaches (72ms)
			SetupLoadedEditorAssemblies (559ms)
				LogAssemblyErrors (0ms)
				InitializePlatformSupportModulesInManaged (7ms)
				SetLoadedEditorAssemblies (0ms)
				RefreshPlugins (1ms)
				BeforeProcessingInitializeOnLoad (152ms)
				ProcessInitializeOnLoadAttributes (376ms)
				ProcessInitializeOnLoadMethodAttributes (14ms)
				AfterProcessingInitializeOnLoad (9ms)
				EditorAssembliesLoaded (0ms)
			ExecutionOrderSort2 (0ms)
			AwakeInstancesAfterBackupRestoration (17ms)
Platform modules already initialized, skipping
Switching build target platform(19) subTarget(0) extendedPlatform(0) -> platform(13) subTarget(536870912) extendedPlatform(0)
Refreshing native plugins compatible for Editor in 1.42 ms, found 10 plugins.
Preloading 1 native plugins for Editor in 0.07 ms.
Unloading 3832 Unused Serialized files (Serialized files now loaded: 0)
System memory in use before: 209.9 MB.
System memory in use after: 210.1 MB.

Unloading 31 unused Assets to reduce memory usage. Loaded Objects now: 4537.
Total: 4.186900 ms (FindLiveObjects: 0.365300 ms CreateObjectMapping: 0.162200 ms MarkObjects: 3.632500 ms  DeleteObjects: 0.025800 ms)

AssetImportParameters requested are different than current active one (requested -> active):
  custom:framework-win-MediaFoundation: 216162199b28c13a410421893ffa2e32 -> 
  custom:video-decoder-ogg-theora: a1e56fd34408186e4bbccfd4996cb3dc -> 
  custom:container-muxer-webm: aa71ff27fc2769a1b78a27578f13a17b -> 
  custom:container-demuxer-webm: 4f35f7cbe854078d1ac9338744f61a02 -> 
  custom:container-demuxer-ogg: 62fdf1f143b41e24485cea50d1cbac27 -> 
  custom:video-encoder-webm-vp8: eb34c28f22e8b96e1ab97ce403110664 -> 
  custom:video-decoder-webm-vp8: 9c59270c3fd7afecdb556c50c9e8de78 -> 
  custom:graphics/normal-map-encoding: 01000000000000000000000000000000 -> 02000000000000000000000000000000
  custom:audio-decoder-ogg-vorbis: bf7c407c2cedff20999df2af8eb42d56 -> 
  custom:audio-encoder-webm-vorbis: bf7c407c2cedff20999df2af8eb42d56 -> 
========================================================================
Received Prepare
Assets/asset_store/Safe/Safe.c4d: Unity no longer supports importing Cinema 4D files directly, but we're working with Maxon to make the experience better. To import Cinema 4D files, install Maxon's external importer. You can find more information on the Unity Forum: https://on.unity.com/c4d.

Please note that FBX files exported from Cinema4D are still supported.

Registering precompiled user dll's ...
Registered in 0.007424 seconds.
Begin MonoManager ReloadAssembly
Native extension for WindowsStandalone target not found
Refreshing native plugins compatible for Editor in 1.00 ms, found 10 plugins.
Preloading 1 native plugins for Editor in 0.06 ms.
System.Reflection.TargetInvocationException: Exception has been thrown by the target of an invocation. ---> System.NullReferenceException: Object reference not set to an instance of an object
  at Unity.XR.Oculus.OculusLoader.AssetPathToAbsolutePath (System.String assetPath) [0x00048] in D:\원격강좌\3학년 2학기\VR\VR_ProjectPrototype\DoAnything_prototype\Library\PackageCache\com.unity.xr.oculus@1.10.0\Runtime\OculusLoader.cs:250 
  at Unity.XR.Oculus.OculusLoader.EditorLoadOVRPlugin () [0x0007b] in D:\원격강좌\3학년 2학기\VR\VR_ProjectPrototype\DoAnything_prototype\Library\PackageCache\com.unity.xr.oculus@1.10.0\Runtime\OculusLoader.cs:235 
  at (wrapper managed-to-native) System.Reflection.MonoMethod.InternalInvoke(System.Reflection.MonoMethod,object,object[],System.Exception&)
  at System.Reflection.MonoMethod.Invoke (System.Object obj, System.Reflection.BindingFlags invokeAttr, System.Reflection.Binder binder, System.Object[] parameters, System.Globalization.CultureInfo culture) [0x00032] in <695d1cc93cca45069c528c15c9fdd749>:0 
   --- End of inner exception stack trace ---
  at System.Reflection.MonoMethod.Invoke (System.Object obj, System.Reflection.BindingFlags invokeAttr, System.Reflection.Binder binder, System.Object[] parameters, System.Globalization.CultureInfo culture) [0x00048] in <695d1cc93cca45069c528c15c9fdd749>:0 
  at System.Reflection.MethodBase.Invoke (System.Object obj, System.Object[] parameters) [0x00000] in <695d1cc93cca45069c528c15c9fdd749>:0 
  at UnityEditor.EditorAssemblies.ProcessInitializeOnLoadMethodAttributes () [0x00047] in <d0e4b8c1204147f3935b6e9c8b8565ad>:0 
UnityEngine.StackTraceUtility:ExtractStackTrace ()
UnityEngine.DebugLogHandler:LogFormat (UnityEngine.LogType,UnityEngine.Object,string,object[])
UnityEngine.Logger:Log (UnityEngine.LogType,object)
UnityEngine.Debug:LogError (object)
UnityEditor.EditorAssemblies:ProcessInitializeOnLoadMethodAttributes ()

Mono: successfully reloaded assembly
- Completed reload, in  1.339 seconds
Domain Reload Profiling:
	ReloadAssembly (1339ms)
		BeginReloadAssembly (129ms)
			ExecutionOrderSort (0ms)
			DisableScriptedObjects (4ms)
			BackupInstance (0ms)
			ReleaseScriptingObjects (0ms)
			CreateAndSetChildDomain (37ms)
		EndReloadAssembly (1147ms)
			LoadAssemblies (106ms)
			RebuildTransferFunctionScriptingTraits (0ms)
			SetupTypeCache (322ms)
			ReleaseScriptCaches (1ms)
			RebuildScriptCaches (59ms)
			SetupLoadedEditorAssemblies (464ms)
				LogAssemblyErrors (0ms)
				InitializePlatformSupportModulesInManaged (4ms)
				SetLoadedEditorAssemblies (0ms)
				RefreshPlugins (1ms)
				BeforeProcessingInitializeOnLoad (112ms)
				ProcessInitializeOnLoadAttributes (323ms)
				ProcessInitializeOnLoadMethodAttributes (15ms)
				AfterProcessingInitializeOnLoad (9ms)
				EditorAssembliesLoaded (0ms)
			ExecutionOrderSort2 (0ms)
			AwakeInstancesAfterBackupRestoration (15ms)
Platform modules already initialized, skipping
Switching build target platform(19) subTarget(0) extendedPlatform(0) -> platform(13) subTarget(536870912) extendedPlatform(0)
Refreshing native plugins compatible for Editor in 0.99 ms, found 10 plugins.
Preloading 1 native plugins for Editor in 0.06 ms.
Unloading 3832 Unused Serialized files (Serialized files now loaded: 0)
System memory in use before: 209.9 MB.
System memory in use after: 210.1 MB.

Unloading 31 unused Assets to reduce memory usage. Loaded Objects now: 4540.
Total: 4.536500 ms (FindLiveObjects: 0.387500 ms CreateObjectMapping: 0.193700 ms MarkObjects: 3.928300 ms  DeleteObjects: 0.025700 ms)

AssetImportParameters requested are different than current active one (requested -> active):
  custom:framework-win-MediaFoundation: 216162199b28c13a410421893ffa2e32 -> 
  custom:video-decoder-ogg-theora: a1e56fd34408186e4bbccfd4996cb3dc -> 
  custom:container-muxer-webm: aa71ff27fc2769a1b78a27578f13a17b -> 
  custom:container-demuxer-webm: 4f35f7cbe854078d1ac9338744f61a02 -> 
  custom:container-demuxer-ogg: 62fdf1f143b41e24485cea50d1cbac27 -> 
  custom:video-encoder-webm-vp8: eb34c28f22e8b96e1ab97ce403110664 -> 
  custom:video-decoder-webm-vp8: 9c59270c3fd7afecdb556c50c9e8de78 -> 
  custom:graphics/normal-map-encoding: 01000000000000000000000000000000 -> 02000000000000000000000000000000
  custom:audio-decoder-ogg-vorbis: bf7c407c2cedff20999df2af8eb42d56 -> 
  custom:audio-encoder-webm-vorbis: bf7c407c2cedff20999df2af8eb42d56 -> 
========================================================================
Received Import Request.
  Time since last request: 2394.045296 seconds.
  path: Assets/NOT_Lonely/OverheadCrane/Scripts
  artifactKey: Guid(86cdf893d99a32549bc598f40cdb8b62) Importer(815301076,1909f56bfc062723c751e8b465ee728b)
Start importing Assets/NOT_Lonely/OverheadCrane/Scripts using Guid(86cdf893d99a32549bc598f40cdb8b62) Importer(815301076,1909f56bfc062723c751e8b465ee728b)  -> (artifact id: '7b58f712ea0eeb6ba8ae7310225e425f') in 0.011668 seconds 
  Import took 0.367520 seconds .

========================================================================
Received Import Request.
  Time since last request: 2.104222 seconds.
  path: Assets/NOT_Lonely/OverheadCrane/Scripts/NL_CableHanging.cs
  artifactKey: Guid(ee476e1b3ed19e540b679d47a7d638df) Importer(815301076,1909f56bfc062723c751e8b465ee728b)
Start importing Assets/NOT_Lonely/OverheadCrane/Scripts/NL_CableHanging.cs using Guid(ee476e1b3ed19e540b679d47a7d638df) Importer(815301076,1909f56bfc062723c751e8b465ee728b)  -> (artifact id: 'fd90eeb0c12de9544465a3b84b4c0ae7') in 0.015485 seconds 
  Import took 0.308288 seconds .

========================================================================
Received Import Request.
  Time since last request: 0.538332 seconds.
  path: Assets/NOT_Lonely/OverheadCrane/Scripts/NL_CablePoint.cs
  artifactKey: Guid(afa8e434a11a01c4e9837acc8a3362ef) Importer(815301076,1909f56bfc062723c751e8b465ee728b)
Start importing Assets/NOT_Lonely/OverheadCrane/Scripts/NL_CablePoint.cs using Guid(afa8e434a11a01c4e9837acc8a3362ef) Importer(815301076,1909f56bfc062723c751e8b465ee728b)  -> (artifact id: '090f3fcb740514ad2891b495608db38a') in 0.005404 seconds 
  Import took 0.293814 seconds .

========================================================================
Received Import Request.
  Time since last request: 2.204725 seconds.
  path: Assets/NOT_Lonely/OverheadCrane/Scripts/NL_ColumnControl.cs
  artifactKey: Guid(db4c443ef1799c64bb86037f9065c170) Importer(815301076,1909f56bfc062723c751e8b465ee728b)
Start importing Assets/NOT_Lonely/OverheadCrane/Scripts/NL_ColumnControl.cs using Guid(db4c443ef1799c64bb86037f9065c170) Importer(815301076,1909f56bfc062723c751e8b465ee728b)  -> (artifact id: '127781c20ab5bcdbbad959e3dda10d93') in 0.005980 seconds 
  Import took 0.107150 seconds .

========================================================================
Received Import Request.
  Time since last request: 0.610175 seconds.
  path: Assets/NOT_Lonely/OverheadCrane/Scripts/NL_Gear.cs
  artifactKey: Guid(a6376a091c874e44891d0267813dd599) Importer(815301076,1909f56bfc062723c751e8b465ee728b)
Start importing Assets/NOT_Lonely/OverheadCrane/Scripts/NL_Gear.cs using Guid(a6376a091c874e44891d0267813dd599) Importer(815301076,1909f56bfc062723c751e8b465ee728b)  -> (artifact id: '6f7822132850f9cf08635942f3775a0d') in 0.006484 seconds 
  Import took 0.013183 seconds .

========================================================================
Received Import Request.
  Time since last request: 1.042612 seconds.
  path: Assets/NOT_Lonely/OverheadCrane/Scripts/NL_Hook.cs
  artifactKey: Guid(c9e65a491ba5243488be88893a5082e1) Importer(815301076,1909f56bfc062723c751e8b465ee728b)
Start importing Assets/NOT_Lonely/OverheadCrane/Scripts/NL_Hook.cs using Guid(c9e65a491ba5243488be88893a5082e1) Importer(815301076,1909f56bfc062723c751e8b465ee728b)  -> (artifact id: '7278cab05e4446e562af0677d99177f8') in 0.005295 seconds 
  Import took 0.068138 seconds .

========================================================================
Received Import Request.
  Time since last request: 0.372334 seconds.
  path: Assets/NOT_Lonely/OverheadCrane/Scripts/NL_OverheadCrane.cs
  artifactKey: Guid(b4d3dfedebfcfda45b64cd197fab90d0) Importer(815301076,1909f56bfc062723c751e8b465ee728b)
Start importing Assets/NOT_Lonely/OverheadCrane/Scripts/NL_OverheadCrane.cs using Guid(b4d3dfedebfcfda45b64cd197fab90d0) Importer(815301076,1909f56bfc062723c751e8b465ee728b)  -> (artifact id: '1d2025eb76385094931a7dc346d93f8e') in 0.006323 seconds 
  Import took 0.012860 seconds .

========================================================================
Received Import Request.
  Time since last request: 8.495488 seconds.
  path: Assets/NOT_Lonely/OverheadCrane/Scripts/NL_Remote.cs
  artifactKey: Guid(3fc9da1164af401489c3e1847e97b2e1) Importer(815301076,1909f56bfc062723c751e8b465ee728b)
Start importing Assets/NOT_Lonely/OverheadCrane/Scripts/NL_Remote.cs using Guid(3fc9da1164af401489c3e1847e97b2e1) Importer(815301076,1909f56bfc062723c751e8b465ee728b)  -> (artifact id: '967613f918db7d76922bb00afe3b4a09') in 0.005661 seconds 
  Import took 0.136091 seconds .

========================================================================
Received Import Request.
  Time since last request: 1.044352 seconds.
  path: Assets/NOT_Lonely/OverheadCrane/Scripts/NL_RemoteButton.cs
  artifactKey: Guid(421a638798fad864aba91d5de9841721) Importer(815301076,1909f56bfc062723c751e8b465ee728b)
Start importing Assets/NOT_Lonely/OverheadCrane/Scripts/NL_RemoteButton.cs using Guid(421a638798fad864aba91d5de9841721) Importer(815301076,1909f56bfc062723c751e8b465ee728b)  -> (artifact id: 'ff49b51bc697cafb89394762ed427aed') in 0.006650 seconds 
  Import took 0.013145 seconds .

========================================================================
Received Import Request.
  Time since last request: 0.000986 seconds.
  path: Assets/NOT_Lonely/OverheadCrane/Scripts/NL_RemoteButton.cs
  artifactKey: Guid(421a638798fad864aba91d5de9841721) Importer(815301076,1909f56bfc062723c751e8b465ee728b)
Start importing Assets/NOT_Lonely/OverheadCrane/Scripts/NL_RemoteButton.cs using Guid(421a638798fad864aba91d5de9841721) Importer(815301076,1909f56bfc062723c751e8b465ee728b)  -> (artifact id: 'ff49b51bc697cafb89394762ed427aed') in 0.002067 seconds 
  Import took 0.008398 seconds .

========================================================================
Received Import Request.
  Time since last request: 3.893854 seconds.
  path: Assets/NOT_Lonely/OverheadCrane/Scripts/NL_Wheel.cs
  artifactKey: Guid(ca44d16164dcc6f4b95eca4cb220111d) Importer(815301076,1909f56bfc062723c751e8b465ee728b)
Start importing Assets/NOT_Lonely/OverheadCrane/Scripts/NL_Wheel.cs using Guid(ca44d16164dcc6f4b95eca4cb220111d) Importer(815301076,1909f56bfc062723c751e8b465ee728b)  -> (artifact id: '5b1f1ce9626b91acef0cd60070330e52') in 0.008781 seconds 
  Import took 0.014512 seconds .

========================================================================
Received Prepare
Assets/asset_store/Safe/Safe.c4d: Unity no longer supports importing Cinema 4D files directly, but we're working with Maxon to make the experience better. To import Cinema 4D files, install Maxon's external importer. You can find more information on the Unity Forum: https://on.unity.com/c4d.

Please note that FBX files exported from Cinema4D are still supported.

Registering precompiled user dll's ...
Registered in 0.008040 seconds.
Begin MonoManager ReloadAssembly
Native extension for WindowsStandalone target not found
Refreshing native plugins compatible for Editor in 1.78 ms, found 10 plugins.
Preloading 1 native plugins for Editor in 0.10 ms.
System.Reflection.TargetInvocationException: Exception has been thrown by the target of an invocation. ---> System.NullReferenceException: Object reference not set to an instance of an object
  at Unity.XR.Oculus.OculusLoader.AssetPathToAbsolutePath (System.String assetPath) [0x00048] in D:\원격강좌\3학년 2학기\VR\VR_ProjectPrototype\DoAnything_prototype\Library\PackageCache\com.unity.xr.oculus@1.10.0\Runtime\OculusLoader.cs:250 
  at Unity.XR.Oculus.OculusLoader.EditorLoadOVRPlugin () [0x0007b] in D:\원격강좌\3학년 2학기\VR\VR_ProjectPrototype\DoAnything_prototype\Library\PackageCache\com.unity.xr.oculus@1.10.0\Runtime\OculusLoader.cs:235 
  at (wrapper managed-to-native) System.Reflection.MonoMethod.InternalInvoke(System.Reflection.MonoMethod,object,object[],System.Exception&)
  at System.Reflection.MonoMethod.Invoke (System.Object obj, System.Reflection.BindingFlags invokeAttr, System.Reflection.Binder binder, System.Object[] parameters, System.Globalization.CultureInfo culture) [0x00032] in <695d1cc93cca45069c528c15c9fdd749>:0 
   --- End of inner exception stack trace ---
  at System.Reflection.MonoMethod.Invoke (System.Object obj, System.Reflection.BindingFlags invokeAttr, System.Reflection.Binder binder, System.Object[] parameters, System.Globalization.CultureInfo culture) [0x00048] in <695d1cc93cca45069c528c15c9fdd749>:0 
  at System.Reflection.MethodBase.Invoke (System.Object obj, System.Object[] parameters) [0x00000] in <695d1cc93cca45069c528c15c9fdd749>:0 
  at UnityEditor.EditorAssemblies.ProcessInitializeOnLoadMethodAttributes () [0x00047] in <d0e4b8c1204147f3935b6e9c8b8565ad>:0 
UnityEngine.StackTraceUtility:ExtractStackTrace ()
UnityEngine.DebugLogHandler:LogFormat (UnityEngine.LogType,UnityEngine.Object,string,object[])
UnityEngine.Logger:Log (UnityEngine.LogType,object)
UnityEngine.Debug:LogError (object)
UnityEditor.EditorAssemblies:ProcessInitializeOnLoadMethodAttributes ()

Mono: successfully reloaded assembly
- Completed reload, in  1.633 seconds
Domain Reload Profiling:
	ReloadAssembly (1633ms)
		BeginReloadAssembly (121ms)
			ExecutionOrderSort (0ms)
			DisableScriptedObjects (5ms)
			BackupInstance (0ms)
			ReleaseScriptingObjects (0ms)
			CreateAndSetChildDomain (39ms)
		EndReloadAssembly (1439ms)
			LoadAssemblies (109ms)
			RebuildTransferFunctionScriptingTraits (0ms)
			SetupTypeCache (353ms)
			ReleaseScriptCaches (2ms)
			RebuildScriptCaches (65ms)
			SetupLoadedEditorAssemblies (668ms)
				LogAssemblyErrors (0ms)
				InitializePlatformSupportModulesInManaged (4ms)
				SetLoadedEditorAssemblies (0ms)
				RefreshPlugins (2ms)
				BeforeProcessingInitializeOnLoad (139ms)
				ProcessInitializeOnLoadAttributes (492ms)
				ProcessInitializeOnLoadMethodAttributes (19ms)
				AfterProcessingInitializeOnLoad (11ms)
				EditorAssembliesLoaded (0ms)
			ExecutionOrderSort2 (0ms)
			AwakeInstancesAfterBackupRestoration (17ms)
Platform modules already initialized, skipping
Switching build target platform(19) subTarget(0) extendedPlatform(0) -> platform(13) subTarget(536870912) extendedPlatform(0)
Refreshing native plugins compatible for Editor in 1.78 ms, found 10 plugins.
Preloading 1 native plugins for Editor in 0.09 ms.
Unloading 3833 Unused Serialized files (Serialized files now loaded: 0)
System memory in use before: 209.9 MB.
System memory in use after: 210.2 MB.

Unloading 31 unused Assets to reduce memory usage. Loaded Objects now: 4544.
Total: 4.626700 ms (FindLiveObjects: 0.486600 ms CreateObjectMapping: 0.211800 ms MarkObjects: 3.893500 ms  DeleteObjects: 0.033400 ms)

AssetImportParameters requested are different than current active one (requested -> active):
  custom:framework-win-MediaFoundation: 216162199b28c13a410421893ffa2e32 -> 
  custom:video-decoder-ogg-theora: a1e56fd34408186e4bbccfd4996cb3dc -> 
  custom:container-muxer-webm: aa71ff27fc2769a1b78a27578f13a17b -> 
  custom:container-demuxer-webm: 4f35f7cbe854078d1ac9338744f61a02 -> 
  custom:container-demuxer-ogg: 62fdf1f143b41e24485cea50d1cbac27 -> 
  custom:video-encoder-webm-vp8: eb34c28f22e8b96e1ab97ce403110664 -> 
  custom:video-decoder-webm-vp8: 9c59270c3fd7afecdb556c50c9e8de78 -> 
  custom:graphics/normal-map-encoding: 01000000000000000000000000000000 -> 02000000000000000000000000000000
  custom:audio-decoder-ogg-vorbis: bf7c407c2cedff20999df2af8eb42d56 -> 
  custom:audio-encoder-webm-vorbis: bf7c407c2cedff20999df2af8eb42d56 -> 
AssetImportWorkerClient::OnTransportError - code=2 error=End of file
